2019-04-07 23:57:00.021697|INFO    |VirtualServer |1  |listening on 0.0.0.0:9987, [::]:9987
2019-04-08 14:24:20.845969|INFO    |VirtualServerBase|1  |client connected 'A. Black'(id:4) from 82.25.56.123:64220
2019-04-08 14:24:25.175798|INFO    |VirtualServerBase|1  |client disconnected 'A. Black'(id:4) reason 'reasonmsg=So long, and thanks for all the fish!'
2019-04-09 14:53:41.702480|INFO    |VirtualServerBase|1  |client connected 'J. Downs'(id:2) from 162.208.6.131:52179
2019-04-09 14:54:01.279325|INFO    |VirtualServerBase|1  |server was edited by 'J. Downs'(id:2)
2019-04-09 14:55:18.575126|INFO    |VirtualServerBase|1  |client connected 'Santiago'(id:5) using a myTeamSpeak ID from 82.39.67.238:62531
2019-04-09 14:55:19.368511|INFO    |VirtualServerBase|1  |file download from (id:0), '/icon_4025115194' by client 'Santiago'(id:5)
2019-04-09 14:55:19.421640|INFO    |VirtualServerBase|1  |file download from (id:0), '/icon_2766998993' by client 'Santiago'(id:5)
2019-04-09 14:55:21.757205|INFO    |VirtualServer |1  |client (id:5) was added to servergroup 'Server Admin'(id:6) by client 'J. Downs'(id:2)
2019-04-09 14:55:40.500835|INFO    |VirtualServerBase|1  |client disconnected 'Santiago'(id:5) reason 'reasonmsg=leaving'
2019-04-09 14:55:43.366275|INFO    |VirtualServerBase|1  |client disconnected 'J. Downs'(id:2) reason 'reasonmsg=leaving'
2019-04-10 13:28:44.912076|INFO    |VirtualServerBase|1  |client connected 'Santiago'(id:5) using a myTeamSpeak ID from 82.39.67.238:60040
2019-04-10 13:29:05.743480|INFO    |VirtualServerBase|1  |file download from (id:0), '/icon_1057632888' by client 'Santiago'(id:5)
2019-04-10 13:29:05.745168|INFO    |VirtualServerBase|1  |file download from (id:0), '/icon_1404323408' by client 'Santiago'(id:5)
2019-04-10 13:29:05.781879|INFO    |VirtualServerBase|1  |file download from (id:0), '/icon_1750792869' by client 'Santiago'(id:5)
2019-04-10 13:30:40.175862|INFO    |VirtualServerBase|1  |client disconnected 'Santiago'(id:5) reason 'reasonmsg=leaving'
2019-04-10 22:25:22.265085|INFO    |VirtualServerBase|1  |client connected 'A. Black'(id:4) from 82.25.56.123:50113
2019-04-10 22:26:21.260077|INFO    |VirtualServerBase|1  |client connected 'SpaceCheese'(id:6) from 92.31.121.177:50742
2019-04-10 22:26:21.695971|INFO    |VirtualServerBase|1  |file download from (id:0), '/icon_4025115194' by client 'SpaceCheese'(id:6)
2019-04-10 22:26:21.752671|INFO    |VirtualServerBase|1  |file download from (id:0), '/icon_2766998993' by client 'SpaceCheese'(id:6)
2019-04-10 22:26:30.448697|INFO    |VirtualServerBase|1  |client disconnected 'SpaceCheese'(id:6) reason 'reasonmsg=leaving'
2019-04-10 22:27:48.192516|INFO    |VirtualServerBase|1  |client connected 'SpaceCheese'(id:6) from 92.31.121.177:65051
2019-04-10 22:28:11.535065|INFO    |VirtualServerBase|1  |client disconnected 'SpaceCheese'(id:6) reason 'reasonmsg=leaving'
2019-04-10 22:29:07.229735|INFO    |VirtualServerBase|1  |client disconnected 'A. Black'(id:4) reason 'reasonmsg=So long, and thanks for all the fish!'
2019-04-10 22:30:50.148844|INFO    |VirtualServerBase|1  |client connected 'A. Black'(id:4) from 82.25.56.123:50113
2019-04-10 22:33:31.519533|INFO    |VirtualServerBase|1  |client connected 'SpaceCheese'(id:6) from 92.31.121.177:52951
2019-04-10 22:34:04.424421|INFO    |VirtualServerBase|1  |client disconnected 'SpaceCheese'(id:6) reason 'reasonmsg=leaving'
2019-04-10 22:42:20.467644|INFO    |VirtualServerBase|1  |client disconnected 'A. Black'(id:4) reason 'reasonmsg=So long, and thanks for all the fish!'
2019-04-11 14:10:47.186149|INFO    |VirtualServerBase|1  |client connected 'A. Black'(id:4) from 82.25.56.123:56705
2019-04-11 14:17:04.190272|INFO    |VirtualServerBase|1  |client disconnected 'A. Black'(id:4) reason 'reasonmsg=So long, and thanks for all the fish!'
2019-04-11 17:20:10.430762|INFO    |VirtualServerBase|1  |client connected 'SpaceCheese'(id:6) from 92.31.126.168:59418
2019-04-11 17:20:14.455918|INFO    |VirtualServerBase|1  |client disconnected 'SpaceCheese'(id:6) reason 'reasonmsg=leaving'
2019-04-11 22:17:04.499710|INFO    |VirtualServerBase|1  |client connected 'SpaceCheese'(id:6) from 92.31.126.168:64791
2019-04-11 22:56:52.949502|INFO    |VirtualServerBase|1  |client disconnected 'SpaceCheese'(id:6) reason 'reasonmsg=leaving'
2019-04-12 19:22:56.906272|INFO    |VirtualServerBase|1  |client connected 'SpaceCheese'(id:6) from 2.101.251.147:59815
2019-04-12 19:22:58.169893|INFO    |VirtualServerBase|1  |client disconnected 'SpaceCheese'(id:6) reason 'reasonmsg=leaving'
2019-04-13 21:52:14.296022|INFO    |VirtualServerBase|1  |client connected '[Pvt]S. Kelly'(id:7) from 70.174.90.124:61142
2019-04-13 21:52:14.387151|INFO    |VirtualServerBase|1  |file download from (id:0), '/icon_4025115194' by client '[Pvt]S. Kelly'(id:7)
2019-04-13 21:55:41.976979|INFO    |VirtualServerBase|1  |client disconnected '[Pvt]S. Kelly'(id:7) reason 'reasonmsg=leaving'
2019-04-14 13:33:58.681436|INFO    |VirtualServerBase|1  |client connected 'A. Black'(id:4) from 82.25.56.123:61532
2019-04-14 13:35:12.459084|INFO    |VirtualServerBase|1  |client disconnected 'A. Black'(id:4) reason 'reasonmsg=So long, and thanks for all the fish!'
2019-04-14 15:05:37.290029|INFO    |VirtualServerBase|1  |client connected 'J. Downs'(id:2) from 162.208.6.131:57413
2019-04-14 15:53:13.171068|INFO    |VirtualServerBase|1  |channel 'Infantry Element'(id:10) created as sub channel of 'placeholder barracks'(id:4) by 'J. Downs'(id:2)
2019-04-14 15:53:32.648567|INFO    |VirtualServerBase|1  |channel 'Infantry Commander'(id:11) created as sub channel of 'Infantry Element'(id:10) by 'J. Downs'(id:2)
2019-04-14 15:54:09.415436|INFO    |VirtualServerBase|1  |channel 'Infantry Commander - [2ndLt] D. Santiago'(id:11) edited by 'J. Downs'(id:2)
2019-04-14 15:54:30.074541|INFO    |VirtualServerBase|1  |channel 'Infantry Barracks'(id:12) created as sub channel of 'Infantry Element'(id:10) by 'J. Downs'(id:2)
2019-04-14 15:54:39.444544|INFO    |VirtualServerBase|1  |channel 'Air Element'(id:13) created as sub channel of 'placeholder barracks'(id:4) by 'J. Downs'(id:2)
2019-04-14 15:54:44.905058|INFO    |VirtualServerBase|1  |channel 'Air Element'(id:13) edited by 'J. Downs'(id:2)
2019-04-14 15:55:13.676523|INFO    |VirtualServerBase|1  |channel 'Air Commander - [2ndLt] A. Black'(id:14) created as sub channel of 'Air Element'(id:13) by 'J. Downs'(id:2)
2019-04-14 15:55:22.982141|INFO    |VirtualServerBase|1  |channel 'Air Commander - [2ndLt] A. Black'(id:14) edited by 'J. Downs'(id:2)
2019-04-14 15:55:43.481555|INFO    |VirtualServerBase|1  |channel 'Hangar'(id:15) created as sub channel of 'Air Element'(id:13) by 'J. Downs'(id:2)
2019-04-14 15:56:04.244579|INFO    |VirtualServerBase|1  |channel 'Barracks'(id:12) edited by 'J. Downs'(id:2)
2019-04-14 15:59:19.801477|INFO    |VirtualServerBase|1  |server was edited by 'J. Downs'(id:2)
2019-04-14 16:02:37.491590|INFO    |VirtualServerBase|1  |channel 'Operations Server'(id:16) created as sub channel of 'placeholder server channels'(id:3) by 'J. Downs'(id:2)
2019-04-14 16:02:56.192878|INFO    |VirtualServerBase|1  |channel 'Public Server'(id:17) created as sub channel of 'placeholder server channels'(id:3) by 'J. Downs'(id:2)
2019-04-14 16:03:00.651033|INFO    |VirtualServerBase|1  |channel 'Operations Server'(id:16) edited by 'J. Downs'(id:2)
2019-04-14 16:06:37.585137|INFO    |VirtualServerBase|1  |channel 'Operations Server'(id:16) edited by 'J. Downs'(id:2)
2019-04-14 16:06:43.934023|INFO    |VirtualServerBase|1  |channel 'Public Server'(id:17) edited by 'J. Downs'(id:2)
2019-04-14 16:07:31.047566|INFO    |VirtualServerBase|1  |channel 'Public Voice Channel'(id:18) created as sub channel of 'placeholder public'(id:2) by 'J. Downs'(id:2)
2019-04-14 16:08:01.386044|INFO    |VirtualServerBase|1  |channel 'Public Gaming Channel'(id:19) created as sub channel of 'placeholder public'(id:2) by 'J. Downs'(id:2)
2019-04-14 16:08:35.895618|INFO    |VirtualServerBase|1  |channel 'Public General Channel'(id:18) edited by 'J. Downs'(id:2)
2019-04-14 16:09:36.470133|INFO    |VirtualServerBase|1  |channel 'placeholder Recruitment Channels'(id:20) created as sub channel of 'Landing'(id:1) by 'J. Downs'(id:2)
2019-04-14 16:09:49.435112|INFO    |VirtualServerBase|1  |channel 'Recruitment Channel 1'(id:21) created as sub channel of 'placeholder Recruitment Channels'(id:20) by 'J. Downs'(id:2)
2019-04-14 16:10:05.560483|INFO    |VirtualServerBase|1  |channel 'Recruitment Channel 2'(id:22) created as sub channel of 'placeholder Recruitment Channels'(id:20) by 'J. Downs'(id:2)
2019-04-14 16:11:08.710624|INFO    |VirtualServerBase|1  |channel 'Information Channels'(id:23) created as sub channel of 'Landing'(id:1) by 'J. Downs'(id:2)
2019-04-14 16:11:14.079093|INFO    |VirtualServerBase|1  |channel 'Information Channels'(id:23) edited by 'J. Downs'(id:2)
2019-04-14 16:12:01.620200|INFO    |VirtualServerBase|1  |channel 'AFK Channel'(id:24) created by 'J. Downs'(id:2)
2019-04-14 16:12:11.721417|INFO    |VirtualServerBase|1  |channel '[spacer0]'(id:25) created by 'J. Downs'(id:2)
2019-04-14 16:13:36.380970|INFO    |VirtualServerBase|1  |channel '[spacer1]'(id:28) created by 'J. Downs'(id:2)
2019-04-14 16:13:41.902523|INFO    |VirtualServerBase|1  |channel '[spacer1]'(id:28) edited by 'J. Downs'(id:2)
2019-04-14 16:15:04.288310|INFO    |VirtualServerBase|1  |channel '[spacer2]'(id:29) created by 'J. Downs'(id:2)
2019-04-14 16:16:24.025823|INFO    |VirtualServerBase|1  |channel '[cspacer4]'(id:30) created as sub channel of 'placeholder barracks'(id:4) by 'J. Downs'(id:2)
2019-04-14 16:16:33.425089|INFO    |VirtualServerBase|1  |channel '[cpacer4]'(id:30) edited by 'J. Downs'(id:2)
2019-04-14 16:16:40.719588|INFO    |VirtualServerBase|1  |channel '[spacer4]'(id:30) edited by 'J. Downs'(id:2)
2019-04-14 16:16:51.237151|INFO    |VirtualServerBase|1  |channel '[spacer4]'(id:30) deleted by 'server'(id:0)
2019-04-14 16:17:00.941204|INFO    |VirtualServerBase|1  |channel '[spacer4]'(id:31) created by 'J. Downs'(id:2)
2019-04-14 16:17:24.479723|INFO    |VirtualServerBase|1  |channel 'Hangar'(id:15) edited by 'J. Downs'(id:2)
2019-04-14 16:17:29.775557|INFO    |VirtualServerBase|1  |channel 'Air Element'(id:13) deleted by 'J. Downs'(id:2)
2019-04-14 16:17:44.358579|INFO    |VirtualServerBase|1  |channel 'Air Element'(id:31) edited by 'J. Downs'(id:2)
2019-04-14 16:18:01.062664|INFO    |VirtualServerBase|1  |channel '[spacer4]'(id:32) created by 'J. Downs'(id:2)
2019-04-14 16:18:25.195553|INFO    |VirtualServerBase|1  |channel 'Infantry Element'(id:10) deleted by 'J. Downs'(id:2)
2019-04-14 16:19:23.267923|INFO    |VirtualServerBase|1  |channel 'Infantry Element'(id:32) edited by 'J. Downs'(id:2)
2019-04-14 16:21:47.798869|INFO    |VirtualServerBase|1  |client connected 'A. Black'(id:4) from 82.25.56.123:57546
2019-04-14 16:22:10.285091|INFO    |VirtualServerBase|1  |channel '[spacer4]'(id:33) created by 'J. Downs'(id:2)
2019-04-14 16:22:18.315512|INFO    |VirtualServerBase|1  |channel 'Information Channels'(id:23) deleted by 'J. Downs'(id:2)
2019-04-14 16:22:29.268280|INFO    |VirtualServerBase|1  |channel 'Information'(id:33) edited by 'J. Downs'(id:2)
2019-04-14 16:22:52.422210|INFO    |VirtualServerBase|1  |channel '[spacer4]'(id:34) created by 'J. Downs'(id:2)
2019-04-14 16:23:02.511612|INFO    |VirtualServerBase|1  |channel '[spacer4]'(id:34) edited by 'J. Downs'(id:2)
2019-04-14 16:23:12.871265|INFO    |VirtualServerBase|1  |channel 'Public'(id:34) edited by 'J. Downs'(id:2)
2019-04-14 16:23:23.033269|INFO    |VirtualServerBase|1  |channel 'Public Gaming Channel'(id:19) edited by 'J. Downs'(id:2)
2019-04-14 16:23:27.616533|INFO    |VirtualServerBase|1  |channel 'placeholder public'(id:2) deleted by 'J. Downs'(id:2)
2019-04-14 16:23:44.147780|INFO    |VirtualServerBase|1  |channel '[spacer4]'(id:35) created by 'J. Downs'(id:2)
2019-04-14 16:23:57.279148|INFO    |VirtualServerBase|1  |channel 'placeholder Recruitment Channels'(id:20) deleted by 'J. Downs'(id:2)
2019-04-14 16:24:08.508900|INFO    |VirtualServerBase|1  |channel 'Recruitment'(id:35) edited by 'J. Downs'(id:2)
2019-04-14 16:24:42.348773|INFO    |VirtualServerBase|1  |channel 'Server Channels'(id:36) created by 'J. Downs'(id:2)
2019-04-14 16:24:50.648634|INFO    |VirtualServerBase|1  |channel 'placeholder server channels'(id:3) deleted by 'J. Downs'(id:2)
2019-04-14 16:25:21.448675|INFO    |VirtualServerBase|1  |channel 'Barracks'(id:37) created by 'J. Downs'(id:2)
2019-04-14 16:26:04.388185|INFO    |VirtualServerBase|1  |channel 'Task Force Command'(id:38) created by 'J. Downs'(id:2)
2019-04-14 16:26:21.354193|INFO    |VirtualServerBase|1  |channel 'Task Force Command'(id:5) deleted by 'J. Downs'(id:2)
2019-04-14 16:26:27.958923|INFO    |VirtualServerBase|1  |channel 'placeholder barracks'(id:4) deleted by 'J. Downs'(id:2)
2019-04-14 16:32:28.417140|INFO    |VirtualServer |1  |servergroup '[Cpt]'(id:10) was added by 'J. Downs'(id:2)
2019-04-14 16:32:28.490320|INFO    |VirtualServer |1  |permission 'i_group_auto_update_type'(id:146) with values (value:30, negated:0, skipchannel:0) was added by 'J. Downs'(id:2) to servergroup '[Cpt]'(id:10)
2019-04-14 16:32:28.490470|INFO    |VirtualServer |1  |permission 'b_virtualserver_token_use'(id:37) with values (value:1, negated:0, skipchannel:0) was added by 'J. Downs'(id:2) to servergroup '[Cpt]'(id:10)
2019-04-14 16:32:28.490597|INFO    |VirtualServer |1  |permission 'i_client_poke_power'(id:221) with values (value:50, negated:0, skipchannel:0) was added by 'J. Downs'(id:2) to servergroup '[Cpt]'(id:10)
2019-04-14 16:32:28.490720|INFO    |VirtualServer |1  |permission 'i_client_max_clones_uid'(id:173) with values (value:2, negated:0, skipchannel:0) was added by 'J. Downs'(id:2) to servergroup '[Cpt]'(id:10)
2019-04-14 16:32:28.490840|INFO    |VirtualServer |1  |permission 'b_client_permissionoverview_view'(id:190) with values (value:1, negated:0, skipchannel:0) was added by 'J. Downs'(id:2) to servergroup '[Cpt]'(id:10)
2019-04-14 16:32:28.490959|INFO    |VirtualServer |1  |permission 'b_client_permissionoverview_own'(id:191) with values (value:1, negated:0, skipchannel:0) was added by 'J. Downs'(id:2) to servergroup '[Cpt]'(id:10)
2019-04-14 16:32:28.491079|INFO    |VirtualServer |1  |permission 'i_client_needed_serverquery_view_power'(id:194) with values (value:75, negated:0, skipchannel:0) was added by 'J. Downs'(id:2) to servergroup '[Cpt]'(id:10)
2019-04-14 16:32:28.491198|INFO    |VirtualServer |1  |permission 'i_client_needed_complain_power'(id:205) with values (value:50, negated:0, skipchannel:0) was added by 'J. Downs'(id:2) to servergroup '[Cpt]'(id:10)
2019-04-14 16:32:28.491318|INFO    |VirtualServer |1  |permission 'b_channel_join_permanent'(id:131) with values (value:1, negated:0, skipchannel:0) was added by 'J. Downs'(id:2) to servergroup '[Cpt]'(id:10)
2019-04-14 16:32:28.491437|INFO    |VirtualServer |1  |permission 'b_channel_join_semi_permanent'(id:132) with values (value:1, negated:0, skipchannel:0) was added by 'J. Downs'(id:2) to servergroup '[Cpt]'(id:10)
2019-04-14 16:32:28.491552|INFO    |VirtualServer |1  |permission 'b_channel_join_temporary'(id:133) with values (value:1, negated:0, skipchannel:0) was added by 'J. Downs'(id:2) to servergroup '[Cpt]'(id:10)
2019-04-14 16:32:28.491665|INFO    |VirtualServer |1  |permission 'i_channel_join_power'(id:136) with values (value:50, negated:0, skipchannel:0) was added by 'J. Downs'(id:2) to servergroup '[Cpt]'(id:10)
2019-04-14 16:32:28.491777|INFO    |VirtualServer |1  |permission 'i_channel_description_view_power'(id:140) with values (value:50, negated:0, skipchannel:0) was added by 'J. Downs'(id:2) to servergroup '[Cpt]'(id:10)
2019-04-14 16:32:28.491890|INFO    |VirtualServer |1  |permission 'i_client_needed_ban_power'(id:201) with values (value:50, negated:0, skipchannel:0) was added by 'J. Downs'(id:2) to servergroup '[Cpt]'(id:10)
2019-04-14 16:32:28.492003|INFO    |VirtualServer |1  |permission 'i_client_needed_kick_from_server_power'(id:197) with values (value:50, negated:0, skipchannel:0) was added by 'J. Downs'(id:2) to servergroup '[Cpt]'(id:10)
2019-04-14 16:32:28.492115|INFO    |VirtualServer |1  |permission 'i_client_needed_kick_from_channel_power'(id:199) with values (value:50, negated:0, skipchannel:0) was added by 'J. Downs'(id:2) to servergroup '[Cpt]'(id:10)
2019-04-14 16:32:28.493183|INFO    |VirtualServer |1  |permission 'i_group_needed_member_add_power'(id:164) with values (value:60, negated:0, skipchannel:0) was added by 'J. Downs'(id:2) to servergroup '[Cpt]'(id:10)
2019-04-14 16:32:28.493803|INFO    |VirtualServer |1  |permission 'i_group_needed_member_remove_power'(id:166) with values (value:60, negated:0, skipchannel:0) was added by 'J. Downs'(id:2) to servergroup '[Cpt]'(id:10)
2019-04-14 16:32:28.493987|INFO    |VirtualServer |1  |permission 'b_virtualserver_connectioninfo_view'(id:23) with values (value:1, negated:0, skipchannel:0) was added by 'J. Downs'(id:2) to servergroup '[Cpt]'(id:10)
2019-04-14 16:32:28.494175|INFO    |VirtualServer |1  |permission 'i_channel_modify_power'(id:121) with values (value:50, negated:0, skipchannel:0) was added by 'J. Downs'(id:2) to servergroup '[Cpt]'(id:10)
2019-04-14 16:32:28.494352|INFO    |VirtualServer |1  |permission 'i_client_needed_move_power'(id:203) with values (value:50, negated:0, skipchannel:0) was added by 'J. Downs'(id:2) to servergroup '[Cpt]'(id:10)
2019-04-14 16:32:28.494533|INFO    |VirtualServer |1  |permission 'b_channel_create_child'(id:83) with values (value:1, negated:0, skipchannel:0) was added by 'J. Downs'(id:2) to servergroup '[Cpt]'(id:10)
2019-04-14 16:32:28.494711|INFO    |VirtualServer |1  |permission 'b_channel_create_semi_permanent'(id:85) with values (value:1, negated:0, skipchannel:0) was added by 'J. Downs'(id:2) to servergroup '[Cpt]'(id:10)
2019-04-14 16:32:28.494921|INFO    |VirtualServer |1  |permission 'b_channel_create_temporary'(id:86) with values (value:1, negated:0, skipchannel:0) was added by 'J. Downs'(id:2) to servergroup '[Cpt]'(id:10)
2019-04-14 16:32:28.495111|INFO    |VirtualServer |1  |permission 'b_channel_create_with_topic'(id:87) with values (value:1, negated:0, skipchannel:0) was added by 'J. Downs'(id:2) to servergroup '[Cpt]'(id:10)
2019-04-14 16:32:28.495295|INFO    |VirtualServer |1  |permission 'b_channel_create_with_description'(id:88) with values (value:1, negated:0, skipchannel:0) was added by 'J. Downs'(id:2) to servergroup '[Cpt]'(id:10)
2019-04-14 16:32:28.495479|INFO    |VirtualServer |1  |permission 'b_channel_create_with_password'(id:89) with values (value:1, negated:0, skipchannel:0) was added by 'J. Downs'(id:2) to servergroup '[Cpt]'(id:10)
2019-04-14 16:32:28.495659|INFO    |VirtualServer |1  |permission 'b_channel_create_modify_with_codec_speex8'(id:90) with values (value:1, negated:0, skipchannel:0) was added by 'J. Downs'(id:2) to servergroup '[Cpt]'(id:10)
2019-04-14 16:32:28.495839|INFO    |VirtualServer |1  |permission 'b_channel_create_modify_with_codec_speex16'(id:91) with values (value:1, negated:0, skipchannel:0) was added by 'J. Downs'(id:2) to servergroup '[Cpt]'(id:10)
2019-04-14 16:32:28.496015|INFO    |VirtualServer |1  |permission 'b_channel_create_modify_with_codec_speex32'(id:92) with values (value:1, negated:0, skipchannel:0) was added by 'J. Downs'(id:2) to servergroup '[Cpt]'(id:10)
2019-04-14 16:32:28.496196|INFO    |VirtualServer |1  |permission 'i_channel_create_modify_with_codec_latency_factor_min'(id:97) with values (value:1, negated:0, skipchannel:0) was added by 'J. Downs'(id:2) to servergroup '[Cpt]'(id:10)
2019-04-14 16:32:28.496378|INFO    |VirtualServer |1  |permission 'b_channel_create_with_maxclients'(id:98) with values (value:1, negated:0, skipchannel:0) was added by 'J. Downs'(id:2) to servergroup '[Cpt]'(id:10)
2019-04-14 16:32:28.496580|INFO    |VirtualServer |1  |permission 'b_channel_create_with_maxfamilyclients'(id:99) with values (value:1, negated:0, skipchannel:0) was added by 'J. Downs'(id:2) to servergroup '[Cpt]'(id:10)
2019-04-14 16:32:28.496763|INFO    |VirtualServer |1  |permission 'b_channel_create_with_needed_talk_power'(id:102) with values (value:1, negated:0, skipchannel:0) was added by 'J. Downs'(id:2) to servergroup '[Cpt]'(id:10)
2019-04-14 16:32:28.496940|INFO    |VirtualServer |1  |permission 'i_channel_create_modify_with_codec_maxquality'(id:96) with values (value:7, negated:0, skipchannel:0) was added by 'J. Downs'(id:2) to servergroup '[Cpt]'(id:10)
2019-04-14 16:32:28.497124|INFO    |VirtualServer |1  |permission 'i_channel_max_depth'(id:78) with values (value:5, negated:0, skipchannel:0) was added by 'J. Downs'(id:2) to servergroup '[Cpt]'(id:10)
2019-04-14 16:32:28.497303|INFO    |VirtualServer |1  |permission 'i_channel_delete_power'(id:129) with values (value:60, negated:0, skipchannel:0) was added by 'J. Downs'(id:2) to servergroup '[Cpt]'(id:10)
2019-04-14 16:32:28.497484|INFO    |VirtualServer |1  |permission 'b_channel_delete_semi_permanent'(id:126) with values (value:1, negated:0, skipchannel:0) was added by 'J. Downs'(id:2) to servergroup '[Cpt]'(id:10)
2019-04-14 16:32:28.497664|INFO    |VirtualServer |1  |permission 'b_channel_delete_temporary'(id:127) with values (value:1, negated:0, skipchannel:0) was added by 'J. Downs'(id:2) to servergroup '[Cpt]'(id:10)
2019-04-14 16:32:28.497842|INFO    |VirtualServer |1  |permission 'b_channel_delete_flag_force'(id:128) with values (value:1, negated:0, skipchannel:0) was added by 'J. Downs'(id:2) to servergroup '[Cpt]'(id:10)
2019-04-14 16:32:28.498026|INFO    |VirtualServer |1  |permission 'i_client_max_avatar_filesize'(id:175) with values (value:200000, negated:0, skipchannel:0) was added by 'J. Downs'(id:2) to servergroup '[Cpt]'(id:10)
2019-04-14 16:32:28.498205|INFO    |VirtualServer |1  |permission 'i_client_max_channel_subscriptions'(id:176) with values (value:-1, negated:0, skipchannel:0) was added by 'J. Downs'(id:2) to servergroup '[Cpt]'(id:10)
2019-04-14 16:32:28.498388|INFO    |VirtualServer |1  |permission 'i_channel_subscribe_power'(id:138) with values (value:50, negated:0, skipchannel:0) was added by 'J. Downs'(id:2) to servergroup '[Cpt]'(id:10)
2019-04-14 16:32:28.498567|INFO    |VirtualServer |1  |permission 'i_client_private_textmessage_power'(id:214) with values (value:50, negated:0, skipchannel:0) was added by 'J. Downs'(id:2) to servergroup '[Cpt]'(id:10)
2019-04-14 16:32:28.498764|INFO    |VirtualServer |1  |permission 'b_client_channel_textmessage_send'(id:217) with values (value:1, negated:0, skipchannel:0) was added by 'J. Downs'(id:2) to servergroup '[Cpt]'(id:10)
2019-04-14 16:32:28.498940|INFO    |VirtualServer |1  |permission 'b_client_offline_textmessage_send'(id:218) with values (value:1, negated:0, skipchannel:0) was added by 'J. Downs'(id:2) to servergroup '[Cpt]'(id:10)
2019-04-14 16:32:28.499125|INFO    |VirtualServer |1  |permission 'i_ft_file_delete_power'(id:237) with values (value:50, negated:0, skipchannel:0) was added by 'J. Downs'(id:2) to servergroup '[Cpt]'(id:10)
2019-04-14 16:32:28.499300|INFO    |VirtualServer |1  |permission 'i_ft_file_rename_power'(id:239) with values (value:50, negated:0, skipchannel:0) was added by 'J. Downs'(id:2) to servergroup '[Cpt]'(id:10)
2019-04-14 16:32:28.499480|INFO    |VirtualServer |1  |permission 'i_ft_directory_create_power'(id:243) with values (value:50, negated:0, skipchannel:0) was added by 'J. Downs'(id:2) to servergroup '[Cpt]'(id:10)
2019-04-14 16:32:28.499657|INFO    |VirtualServer |1  |permission 'i_ft_file_upload_power'(id:233) with values (value:50, negated:0, skipchannel:0) was added by 'J. Downs'(id:2) to servergroup '[Cpt]'(id:10)
2019-04-14 16:32:28.499840|INFO    |VirtualServer |1  |permission 'i_ft_quota_mb_upload_per_client'(id:246) with values (value:-1, negated:0, skipchannel:0) was added by 'J. Downs'(id:2) to servergroup '[Cpt]'(id:10)
2019-04-14 16:32:28.500016|INFO    |VirtualServer |1  |permission 'i_ft_file_download_power'(id:235) with values (value:50, negated:0, skipchannel:0) was added by 'J. Downs'(id:2) to servergroup '[Cpt]'(id:10)
2019-04-14 16:32:28.500200|INFO    |VirtualServer |1  |permission 'i_ft_quota_mb_download_per_client'(id:245) with values (value:-1, negated:0, skipchannel:0) was added by 'J. Downs'(id:2) to servergroup '[Cpt]'(id:10)
2019-04-14 16:32:28.500376|INFO    |VirtualServer |1  |permission 'i_ft_file_browse_power'(id:241) with values (value:50, negated:0, skipchannel:0) was added by 'J. Downs'(id:2) to servergroup '[Cpt]'(id:10)
2019-04-14 16:33:06.874981|INFO    |VirtualServer |1  |permission 'b_channel_create_child'(id:83) was deleted by 'J. Downs'(id:2) from servergroup '[Cpt]'(id:10)
2019-04-14 16:33:06.875373|INFO    |VirtualServer |1  |permission 'b_channel_create_modify_with_codec_speex32'(id:92) was deleted by 'J. Downs'(id:2) from servergroup '[Cpt]'(id:10)
2019-04-14 16:33:06.875719|INFO    |VirtualServer |1  |permission 'b_channel_create_modify_with_codec_speex8'(id:90) was deleted by 'J. Downs'(id:2) from servergroup '[Cpt]'(id:10)
2019-04-14 16:33:06.876176|INFO    |VirtualServer |1  |permission 'b_channel_create_modify_with_codec_speex16'(id:91) was deleted by 'J. Downs'(id:2) from servergroup '[Cpt]'(id:10)
2019-04-14 16:33:06.876671|INFO    |VirtualServer |1  |permission 'b_channel_create_with_description'(id:88) was deleted by 'J. Downs'(id:2) from servergroup '[Cpt]'(id:10)
2019-04-14 16:33:06.877254|INFO    |VirtualServer |1  |permission 'b_channel_create_with_password'(id:89) was deleted by 'J. Downs'(id:2) from servergroup '[Cpt]'(id:10)
2019-04-14 16:33:06.877814|INFO    |VirtualServer |1  |permission 'b_channel_create_with_needed_talk_power'(id:102) was deleted by 'J. Downs'(id:2) from servergroup '[Cpt]'(id:10)
2019-04-14 16:33:06.878234|INFO    |VirtualServer |1  |permission 'b_channel_create_with_maxclients'(id:98) was deleted by 'J. Downs'(id:2) from servergroup '[Cpt]'(id:10)
2019-04-14 16:33:06.878571|INFO    |VirtualServer |1  |permission 'b_channel_create_with_maxfamilyclients'(id:99) was deleted by 'J. Downs'(id:2) from servergroup '[Cpt]'(id:10)
2019-04-14 16:33:06.878913|INFO    |VirtualServer |1  |permission 'i_channel_create_modify_with_codec_maxquality'(id:96) was deleted by 'J. Downs'(id:2) from servergroup '[Cpt]'(id:10)
2019-04-14 16:33:06.879250|INFO    |VirtualServer |1  |permission 'i_channel_create_modify_with_codec_latency_factor_min'(id:97) was deleted by 'J. Downs'(id:2) from servergroup '[Cpt]'(id:10)
2019-04-14 16:33:06.879575|INFO    |VirtualServer |1  |permission 'b_channel_delete_semi_permanent'(id:126) was deleted by 'J. Downs'(id:2) from servergroup '[Cpt]'(id:10)
2019-04-14 16:33:06.879906|INFO    |VirtualServer |1  |permission 'b_channel_delete_temporary'(id:127) was deleted by 'J. Downs'(id:2) from servergroup '[Cpt]'(id:10)
2019-04-14 16:33:06.880248|INFO    |VirtualServer |1  |permission 'i_channel_max_depth'(id:78) was deleted by 'J. Downs'(id:2) from servergroup '[Cpt]'(id:10)
2019-04-14 16:33:06.880627|INFO    |VirtualServer |1  |permission 'b_channel_delete_flag_force'(id:128) was deleted by 'J. Downs'(id:2) from servergroup '[Cpt]'(id:10)
2019-04-14 16:33:06.880946|INFO    |VirtualServer |1  |permission 'i_channel_delete_power'(id:129) was deleted by 'J. Downs'(id:2) from servergroup '[Cpt]'(id:10)
2019-04-14 16:33:06.881259|INFO    |VirtualServer |1  |permission 'b_channel_create_temporary'(id:86) was deleted by 'J. Downs'(id:2) from servergroup '[Cpt]'(id:10)
2019-04-14 16:33:06.881578|INFO    |VirtualServer |1  |permission 'b_channel_create_with_topic'(id:87) was deleted by 'J. Downs'(id:2) from servergroup '[Cpt]'(id:10)
2019-04-14 16:33:06.881896|INFO    |VirtualServer |1  |permission 'b_channel_create_semi_permanent'(id:85) was deleted by 'J. Downs'(id:2) from servergroup '[Cpt]'(id:10)
2019-04-14 16:33:06.915262|INFO    |VirtualServer |1  |permission 'i_group_show_name_in_tree'(id:149) with values (value:1, negated:0, skipchannel:0) was added by 'J. Downs'(id:2) to servergroup '[Cpt]'(id:10)
2019-04-14 16:33:09.932535|INFO    |VirtualServer |1  |client (id:2) was added to servergroup '[Cpt]'(id:10) by client 'J. Downs'(id:2)
2019-04-14 16:33:30.947367|INFO    |VirtualServer |1  |servergroup '[Cpt]'(id:10) was renamed to 'Cpt' by 'J. Downs'(id:2)
2019-04-14 16:34:51.505738|INFO    |VirtualServerBase|1  |channel 'Meeting Room'(id:39) created by 'J. Downs'(id:2)
2019-04-14 16:34:51.541369|INFO    |VirtualServer |1  |permission 'i_channel_needed_join_power'(id:137) with values (value:50) was added by 'J. Downs'(id:2) to channel 'Meeting Room'(id:39)
2019-04-14 16:35:12.636366|INFO    |VirtualServerBase|1  |channel 'Meeting Room'(id:39) edited by 'J. Downs'(id:2)
2019-04-14 16:36:14.210725|INFO    |VirtualServerBase|1  |channel '[spacer4]'(id:40) created by 'J. Downs'(id:2)
2019-04-14 16:36:35.765370|INFO    |VirtualServerBase|1  |channel 'How To Link Discord and TS'(id:40) edited by 'J. Downs'(id:2)
2019-04-14 16:36:52.927299|INFO    |VirtualServerBase|1  |channel 'Server Status'(id:41) created by 'J. Downs'(id:2)
2019-04-14 16:37:19.147546|INFO    |VirtualServerBase|1  |channel 'Operation Schedule'(id:42) created by 'J. Downs'(id:2)
2019-04-14 16:37:30.296426|INFO    |VirtualServerBase|1  |channel 'Server Status'(id:41) edited by 'J. Downs'(id:2)
2019-04-14 16:43:49.455021|INFO    |VirtualServer |1  |permission 'b_virtualserver_channelgroup_create'(id:160) with values (value:1, negated:0, skipchannel:0) was added by 'J. Downs'(id:2) to servergroup 'Cpt'(id:10)
2019-04-14 16:43:51.795746|INFO    |VirtualServer |1  |permission 'b_virtualserver_channelgroup_create'(id:160) with values (value:0, negated:0, skipchannel:0) was added by 'J. Downs'(id:2) to servergroup 'Cpt'(id:10)
2019-04-14 16:44:00.901113|INFO    |VirtualServer |1  |permission 'i_group_show_name_in_tree'(id:149) with values (value:1, negated:0, skipchannel:1) was added by 'J. Downs'(id:2) to servergroup 'Cpt'(id:10)
2019-04-14 16:44:01.769752|INFO    |VirtualServer |1  |permission 'i_group_show_name_in_tree'(id:149) with values (value:1, negated:0, skipchannel:0) was added by 'J. Downs'(id:2) to servergroup 'Cpt'(id:10)
2019-04-14 16:44:03.015734|INFO    |VirtualServer |1  |permission 'i_group_show_name_in_tree'(id:149) with values (value:1, negated:1, skipchannel:0) was added by 'J. Downs'(id:2) to servergroup 'Cpt'(id:10)
2019-04-14 16:44:04.388203|INFO    |VirtualServer |1  |permission 'i_group_show_name_in_tree'(id:149) with values (value:1, negated:0, skipchannel:0) was added by 'J. Downs'(id:2) to servergroup 'Cpt'(id:10)
2019-04-14 16:44:47.300287|INFO    |VirtualServer |1  |permission 'i_group_sort_id'(id:148) with values (value:10, negated:0, skipchannel:0) was added by 'J. Downs'(id:2) to servergroup 'Cpt'(id:10)
2019-04-14 16:53:19.489962|INFO    |VirtualServer |1  |servergroup 'Rank'(id:11) was added by 'J. Downs'(id:2)
2019-04-14 16:53:25.119990|INFO    |VirtualServer |1  |permission 'i_group_sort_id'(id:148) with values (value:1, negated:0, skipchannel:0) was added by 'J. Downs'(id:2) to servergroup 'Rank'(id:11)
2019-04-14 16:53:38.035300|INFO    |VirtualServer |1  |permission 'i_group_sort_id'(id:148) with values (value:2, negated:0, skipchannel:0) was added by 'J. Downs'(id:2) to servergroup 'Cpt'(id:10)
2019-04-14 16:53:46.265863|INFO    |VirtualServer |1  |permission 'i_group_sort_id'(id:148) with values (value:75, negated:0, skipchannel:0) was added by 'J. Downs'(id:2) to servergroup 'Server Admin'(id:6)
2019-04-14 16:54:02.179470|INFO    |VirtualServer |1  |servergroup 'Nationality'(id:12) was added by 'J. Downs'(id:2)
2019-04-14 16:54:05.917494|INFO    |VirtualServer |1  |permission 'i_group_sort_id'(id:148) with values (value:5, negated:0, skipchannel:0) was added by 'J. Downs'(id:2) to servergroup 'Nationality'(id:12)
2019-04-14 16:55:31.919924|INFO    |VirtualServer |1  |servergroup 'Position'(id:13) was added by 'J. Downs'(id:2)
2019-04-14 16:55:37.029030|INFO    |VirtualServer |1  |permission 'i_group_sort_id'(id:148) with values (value:10, negated:0, skipchannel:0) was added by 'J. Downs'(id:2) to servergroup 'Position'(id:13)
2019-04-14 16:55:59.868977|INFO    |VirtualServer |1  |servergroup 'Other'(id:14) was added by 'J. Downs'(id:2)
2019-04-14 16:57:24.615513|INFO    |VirtualServer |1  |permission 'i_group_sort_id'(id:148) with values (value:20, negated:0, skipchannel:0) was added by 'J. Downs'(id:2) to servergroup 'Other'(id:14)
2019-04-14 16:57:32.699425|INFO    |VirtualServer |1  |permission 'i_group_sort_id'(id:148) with values (value:21, negated:0, skipchannel:0) was added by 'J. Downs'(id:2) to servergroup 'Server Admin'(id:6)
2019-04-14 16:57:42.808023|INFO    |VirtualServer |1  |permission 'i_group_sort_id'(id:148) with values (value:22, negated:0, skipchannel:0) was added by 'J. Downs'(id:2) to servergroup 'Moderator'(id:9)
2019-04-14 16:58:18.324078|INFO    |VirtualServer |1  |permission 'i_group_sort_id'(id:148) with values (value:21, negated:0, skipchannel:0) was added by 'J. Downs'(id:2) to servergroup 'Registered'(id:7)
2019-04-14 16:58:25.526402|INFO    |VirtualServer |1  |permission 'i_group_sort_id'(id:148) with values (value:21, negated:0, skipchannel:0) was added by 'J. Downs'(id:2) to servergroup 'Moderator'(id:9)
2019-04-14 16:58:30.506756|INFO    |VirtualServer |1  |permission 'i_group_sort_id'(id:148) with values (value:22, negated:0, skipchannel:0) was added by 'J. Downs'(id:2) to servergroup 'Registered'(id:7)
2019-04-14 16:59:00.099818|INFO    |VirtualServer |1  |servergroup 'Cpt'(id:10) was copied by 'J. Downs'(id:2) to 'Registered'(id:7)
2019-04-14 16:59:10.951968|INFO    |VirtualServer |1  |servergroup 'Registered'(id:7) was renamed to '2ndLt' by 'J. Downs'(id:2)
2019-04-14 16:59:15.354010|INFO    |VirtualServer |1  |permission 'i_group_sort_id'(id:148) with values (value:3, negated:0, skipchannel:0) was added by 'J. Downs'(id:2) to servergroup '2ndLt'(id:7)
2019-04-14 17:01:03.182107|INFO    |VirtualServer |1  |client (id:4) was added to servergroup '2ndLt'(id:7) by client 'J. Downs'(id:2)
2019-04-14 17:02:33.575448|INFO    |VirtualServer |1  |client (id:4) was added to servergroup 'Rank'(id:11) by client 'J. Downs'(id:2)
2019-04-14 17:02:41.517041|INFO    |VirtualServer |1  |client (id:4) was added to servergroup 'Position'(id:13) by client 'J. Downs'(id:2)
2019-04-14 17:02:47.678620|INFO    |VirtualServer |1  |client (id:4) was added to servergroup 'Other'(id:14) by client 'J. Downs'(id:2)
2019-04-14 17:02:52.025024|INFO    |VirtualServer |1  |client (id:4) was added to servergroup 'Nationality'(id:12) by client 'J. Downs'(id:2)
2019-04-14 17:13:41.072648|INFO    |VirtualServer |1  |servergroup 'Rank'(id:11) was renamed to '---Rank---' by 'J. Downs'(id:2)
2019-04-14 17:14:04.822692|INFO    |VirtualServer |1  |servergroup 'Nationality'(id:12) was renamed to '---Nationality---' by 'J. Downs'(id:2)
2019-04-14 17:14:12.005004|INFO    |VirtualServer |1  |servergroup 'Position'(id:13) was renamed to 'Position---' by 'J. Downs'(id:2)
2019-04-14 17:14:18.444209|INFO    |VirtualServer |1  |servergroup 'Position---'(id:13) was renamed to '---Position---' by 'J. Downs'(id:2)
2019-04-14 17:14:24.759531|INFO    |VirtualServer |1  |servergroup 'Other'(id:14) was renamed to 'Other---' by 'J. Downs'(id:2)
2019-04-14 17:14:33.888125|INFO    |VirtualServer |1  |servergroup 'Other---'(id:14) was renamed to '---Other---' by 'J. Downs'(id:2)
2019-04-14 17:15:06.158991|INFO    |VirtualServer |1  |servergroup 'Guest'(id:8) was copied by 'J. Downs'(id:2) to 'Regular'(id:15)
2019-04-14 17:15:11.318574|INFO    |VirtualServer |1  |permission 'i_group_sort_id'(id:148) with values (value:75, negated:0, skipchannel:0) was added by 'J. Downs'(id:2) to servergroup 'Guest'(id:8)
2019-04-14 17:15:25.771624|INFO    |VirtualServer |1  |permission 'i_group_sort_id'(id:148) with values (value:24, negated:0, skipchannel:0) was added by 'J. Downs'(id:2) to servergroup 'Guest'(id:8)
2019-04-14 17:15:37.452340|INFO    |VirtualServer |1  |permission 'i_group_sort_id'(id:148) with values (value:22, negated:0, skipchannel:0) was added by 'J. Downs'(id:2) to servergroup 'Moderator'(id:9)
2019-04-14 17:16:09.085056|INFO    |VirtualServer |1  |permission 'i_group_sort_id'(id:148) with values (value:23, negated:0, skipchannel:0) was added by 'J. Downs'(id:2) to servergroup 'Regular'(id:15)
2019-04-14 17:16:31.574126|INFO    |VirtualServer |1  |permission 'i_icon_id'(id:142) with values (value:1057632888, negated:0, skipchannel:0) was added by 'J. Downs'(id:2) to servergroup 'Regular'(id:15)
2019-04-14 17:23:20.373555|INFO    |VirtualServer |1  |client (id:2) was added to servergroup '---Nationality---'(id:12) by client 'J. Downs'(id:2)
2019-04-14 17:23:23.721188|INFO    |VirtualServer |1  |client (id:2) was added to servergroup '---Position---'(id:13) by client 'J. Downs'(id:2)
2019-04-14 17:23:26.812180|INFO    |VirtualServer |1  |client (id:2) was added to servergroup '---Other---'(id:14) by client 'J. Downs'(id:2)
2019-04-14 17:27:49.619185|INFO    |VirtualServer |1  |permission 'b_client_is_priority_speaker'(id:177) with values (value:1) was added by 'A. Black'(id:4) for client (id:2) and channel 'Landing'(id:1)
2019-04-14 17:27:52.731254|INFO    |VirtualServer |1  |permission 'b_client_is_priority_speaker'(id:177) was deleted by 'A. Black'(id:4) for client (id:2) and channel 'Landing'(id:1)
