2019-04-04 16:47:03.440888|INFO    |VirtualServer |1  |listening on 0.0.0.0:9987, [::]:9987
2019-04-04 17:56:21.291753|INFO    |VirtualServer |1  |client (id:2) was added to servergroup 'Server Admin'(id:6) by client 'server'(id:0)
2019-04-04 17:56:21.292113|INFO    |VirtualServer |1  |client 'J. Downs'(id:2) used privilege key 'FlUna6BxsFL5r1vHIC1803aafKLB96NDxm558Hkj' and was added to servergroup 'Server Admin'(id:6)
2019-04-04 17:56:35.332957|INFO    |VirtualServer |1  |servergroup 'Moderator'(id:9) was added by 'J. Downs'(id:2)
2019-04-04 17:56:37.827076|INFO    |VirtualServer |1  |permission 'i_group_auto_update_type'(id:146) with values (value:45, negated:0, skipchannel:0) was added by 'J. Downs'(id:2) to servergroup 'Moderator'(id:9)
2019-04-04 17:56:37.827219|INFO    |VirtualServer |1  |permission 'i_client_talk_power'(id:219) with values (value:75, negated:0, skipchannel:0) was added by 'J. Downs'(id:2) to servergroup 'Moderator'(id:9)
2019-04-04 17:56:37.827334|INFO    |VirtualServer |1  |permission 'i_client_poke_power'(id:221) with values (value:75, negated:0, skipchannel:0) was added by 'J. Downs'(id:2) to servergroup 'Moderator'(id:9)
2019-04-04 17:56:37.827459|INFO    |VirtualServer |1  |permission 'i_client_max_clones_uid'(id:173) with values (value:10, negated:0, skipchannel:0) was added by 'J. Downs'(id:2) to servergroup 'Moderator'(id:9)
2019-04-04 17:56:37.827572|INFO    |VirtualServer |1  |permission 'b_client_ignore_antiflood'(id:181) with values (value:1, negated:0, skipchannel:0) was added by 'J. Downs'(id:2) to servergroup 'Moderator'(id:9)
2019-04-04 17:56:37.827685|INFO    |VirtualServer |1  |permission 'b_client_issue_client_query_command'(id:182) with values (value:1, negated:0, skipchannel:0) was added by 'J. Downs'(id:2) to servergroup 'Moderator'(id:9)
2019-04-04 17:56:37.827798|INFO    |VirtualServer |1  |permission 'b_channel_join_permanent'(id:131) with values (value:1, negated:0, skipchannel:0) was added by 'J. Downs'(id:2) to servergroup 'Moderator'(id:9)
2019-04-04 17:56:37.827948|INFO    |VirtualServer |1  |permission 'b_channel_join_semi_permanent'(id:132) with values (value:1, negated:0, skipchannel:0) was added by 'J. Downs'(id:2) to servergroup 'Moderator'(id:9)
2019-04-04 17:56:37.828070|INFO    |VirtualServer |1  |permission 'b_channel_join_temporary'(id:133) with values (value:1, negated:0, skipchannel:0) was added by 'J. Downs'(id:2) to servergroup 'Moderator'(id:9)
2019-04-04 17:56:37.828203|INFO    |VirtualServer |1  |permission 'b_channel_join_ignore_password'(id:134) with values (value:1, negated:0, skipchannel:0) was added by 'J. Downs'(id:2) to servergroup 'Moderator'(id:9)
2019-04-04 17:56:37.828316|INFO    |VirtualServer |1  |permission 'b_channel_join_ignore_maxclients'(id:135) with values (value:1, negated:0, skipchannel:0) was added by 'J. Downs'(id:2) to servergroup 'Moderator'(id:9)
2019-04-04 17:56:37.828422|INFO    |VirtualServer |1  |permission 'i_channel_join_power'(id:136) with values (value:75, negated:0, skipchannel:0) was added by 'J. Downs'(id:2) to servergroup 'Moderator'(id:9)
2019-04-04 17:56:37.828541|INFO    |VirtualServer |1  |permission 'b_virtualserver_token_use'(id:37) with values (value:1, negated:0, skipchannel:0) was added by 'J. Downs'(id:2) to servergroup 'Moderator'(id:9)
2019-04-04 17:56:37.828676|INFO    |VirtualServer |1  |permission 'i_channel_description_view_power'(id:140) with values (value:75, negated:0, skipchannel:0) was added by 'J. Downs'(id:2) to servergroup 'Moderator'(id:9)
2019-04-04 17:56:37.828804|INFO    |VirtualServer |1  |permission 'b_client_permissionoverview_view'(id:190) with values (value:1, negated:0, skipchannel:0) was added by 'J. Downs'(id:2) to servergroup 'Moderator'(id:9)
2019-04-04 17:56:37.828930|INFO    |VirtualServer |1  |permission 'b_client_permissionoverview_own'(id:191) with values (value:1, negated:0, skipchannel:0) was added by 'J. Downs'(id:2) to servergroup 'Moderator'(id:9)
2019-04-04 17:56:37.829070|INFO    |VirtualServer |1  |permission 'b_client_remoteaddress_view'(id:192) with values (value:1, negated:0, skipchannel:0) was added by 'J. Downs'(id:2) to servergroup 'Moderator'(id:9)
2019-04-04 17:56:37.829192|INFO    |VirtualServer |1  |permission 'i_client_serverquery_view_power'(id:193) with values (value:75, negated:0, skipchannel:0) was added by 'J. Downs'(id:2) to servergroup 'Moderator'(id:9)
2019-04-04 17:56:37.829341|INFO    |VirtualServer |1  |permission 'i_client_needed_serverquery_view_power'(id:194) with values (value:75, negated:0, skipchannel:0) was added by 'J. Downs'(id:2) to servergroup 'Moderator'(id:9)
2019-04-04 17:56:37.829459|INFO    |VirtualServer |1  |permission 'i_client_needed_complain_power'(id:205) with values (value:75, negated:0, skipchannel:0) was added by 'J. Downs'(id:2) to servergroup 'Moderator'(id:9)
2019-04-04 17:56:37.829575|INFO    |VirtualServer |1  |permission 'i_client_needed_ban_power'(id:201) with values (value:75, negated:0, skipchannel:0) was added by 'J. Downs'(id:2) to servergroup 'Moderator'(id:9)
2019-04-04 17:56:37.829684|INFO    |VirtualServer |1  |permission 'i_client_needed_kick_from_server_power'(id:197) with values (value:75, negated:0, skipchannel:0) was added by 'J. Downs'(id:2) to servergroup 'Moderator'(id:9)
2019-04-04 17:56:37.829796|INFO    |VirtualServer |1  |permission 'i_client_needed_kick_from_channel_power'(id:199) with values (value:75, negated:0, skipchannel:0) was added by 'J. Downs'(id:2) to servergroup 'Moderator'(id:9)
2019-04-04 17:56:37.829905|INFO    |VirtualServer |1  |permission 'i_group_modify_power'(id:161) with values (value:75, negated:0, skipchannel:0) was added by 'J. Downs'(id:2) to servergroup 'Moderator'(id:9)
2019-04-04 17:56:37.830030|INFO    |VirtualServer |1  |permission 'i_permission_modify_power'(id:167) with values (value:75, negated:0, skipchannel:0) was added by 'J. Downs'(id:2) to servergroup 'Moderator'(id:9)
2019-04-04 17:56:37.830141|INFO    |VirtualServer |1  |permission 'i_client_permission_modify_power'(id:171) with values (value:75, negated:0, skipchannel:0) was added by 'J. Downs'(id:2) to servergroup 'Moderator'(id:9)
2019-04-04 17:56:37.830254|INFO    |VirtualServer |1  |permission 'i_client_needed_permission_modify_power'(id:172) with values (value:75, negated:0, skipchannel:0) was added by 'J. Downs'(id:2) to servergroup 'Moderator'(id:9)
2019-04-04 17:56:37.830363|INFO    |VirtualServer |1  |permission 'b_virtualserver_connectioninfo_view'(id:23) with values (value:1, negated:0, skipchannel:0) was added by 'J. Downs'(id:2) to servergroup 'Moderator'(id:9)
2019-04-04 17:56:37.830475|INFO    |VirtualServer |1  |permission 'i_channel_modify_power'(id:121) with values (value:75, negated:0, skipchannel:0) was added by 'J. Downs'(id:2) to servergroup 'Moderator'(id:9)
2019-04-04 17:56:37.830583|INFO    |VirtualServer |1  |permission 'b_client_complain_list'(id:206) with values (value:1, negated:0, skipchannel:0) was added by 'J. Downs'(id:2) to servergroup 'Moderator'(id:9)
2019-04-04 17:56:37.830694|INFO    |VirtualServer |1  |permission 'i_needed_modify_power_client_whisper_power'(id:32992) with values (value:75, negated:0, skipchannel:0) was added by 'J. Downs'(id:2) to servergroup 'Moderator'(id:9)
2019-04-04 17:56:37.830815|INFO    |VirtualServer |1  |permission 'i_needed_modify_power_client_needed_whisper_power'(id:32993) with values (value:75, negated:0, skipchannel:0) was added by 'J. Downs'(id:2) to servergroup 'Moderator'(id:9)
2019-04-04 17:56:37.830928|INFO    |VirtualServer |1  |permission 'i_needed_modify_power_channel_needed_delete_power'(id:32898) with values (value:75, negated:0, skipchannel:0) was added by 'J. Downs'(id:2) to servergroup 'Moderator'(id:9)
2019-04-04 17:56:37.831044|INFO    |VirtualServer |1  |permission 'i_channel_permission_modify_power'(id:80) with values (value:75, negated:0, skipchannel:0) was added by 'J. Downs'(id:2) to servergroup 'Moderator'(id:9)
2019-04-04 17:56:37.831164|INFO    |VirtualServer |1  |permission 'i_needed_modify_power_channel_needed_permission_modify_power'(id:32849) with values (value:75, negated:0, skipchannel:0) was added by 'J. Downs'(id:2) to servergroup 'Moderator'(id:9)
2019-04-04 17:56:37.831291|INFO    |VirtualServer |1  |permission 'i_needed_modify_power_group_sort_id'(id:32916) with values (value:75, negated:0, skipchannel:0) was added by 'J. Downs'(id:2) to servergroup 'Moderator'(id:9)
2019-04-04 17:56:37.831408|INFO    |VirtualServer |1  |permission 'i_needed_modify_power_group_show_name_in_tree'(id:32917) with values (value:75, negated:0, skipchannel:0) was added by 'J. Downs'(id:2) to servergroup 'Moderator'(id:9)
2019-04-04 17:56:37.831535|INFO    |VirtualServer |1  |permission 'i_needed_modify_power_icon_id'(id:32910) with values (value:75, negated:0, skipchannel:0) was added by 'J. Downs'(id:2) to servergroup 'Moderator'(id:9)
2019-04-04 17:56:37.831652|INFO    |VirtualServer |1  |permission 'i_client_needed_move_power'(id:203) with values (value:75, negated:0, skipchannel:0) was added by 'J. Downs'(id:2) to servergroup 'Moderator'(id:9)
2019-04-04 17:56:37.831777|INFO    |VirtualServer |1  |permission 'b_client_skip_channelgroup_permissions'(id:178) with values (value:1, negated:0, skipchannel:0) was added by 'J. Downs'(id:2) to servergroup 'Moderator'(id:9)
2019-04-04 17:56:37.831891|INFO    |VirtualServer |1  |permission 'b_virtualserver_join_ignore_password'(id:41) with values (value:1, negated:0, skipchannel:0) was added by 'J. Downs'(id:2) to servergroup 'Moderator'(id:9)
2019-04-04 17:56:37.832011|INFO    |VirtualServer |1  |permission 'b_virtualserver_modify_name'(id:47) with values (value:1, negated:0, skipchannel:0) was added by 'J. Downs'(id:2) to servergroup 'Moderator'(id:9)
2019-04-04 17:56:37.832127|INFO    |VirtualServer |1  |permission 'b_virtualserver_modify_nickname'(id:75) with values (value:1, negated:0, skipchannel:0) was added by 'J. Downs'(id:2) to servergroup 'Moderator'(id:9)
2019-04-04 17:56:37.832245|INFO    |VirtualServer |1  |permission 'b_virtualserver_modify_welcomemessage'(id:48) with values (value:1, negated:0, skipchannel:0) was added by 'J. Downs'(id:2) to servergroup 'Moderator'(id:9)
2019-04-04 17:56:37.832359|INFO    |VirtualServer |1  |permission 'b_virtualserver_modify_password'(id:51) with values (value:1, negated:0, skipchannel:0) was added by 'J. Downs'(id:2) to servergroup 'Moderator'(id:9)
2019-04-04 17:56:37.832480|INFO    |VirtualServer |1  |permission 'b_virtualserver_modify_icon_id'(id:69) with values (value:1, negated:0, skipchannel:0) was added by 'J. Downs'(id:2) to servergroup 'Moderator'(id:9)
2019-04-04 17:56:37.832598|INFO    |VirtualServer |1  |permission 'b_virtualserver_modify_weblist'(id:70) with values (value:1, negated:0, skipchannel:0) was added by 'J. Downs'(id:2) to servergroup 'Moderator'(id:9)
2019-04-04 17:56:37.832720|INFO    |VirtualServer |1  |permission 'b_virtualserver_modify_codec_encryption_mode'(id:71) with values (value:1, negated:0, skipchannel:0) was added by 'J. Downs'(id:2) to servergroup 'Moderator'(id:9)
2019-04-04 17:56:37.832845|INFO    |VirtualServer |1  |permission 'b_client_use_reserved_slot'(id:183) with values (value:1, negated:0, skipchannel:0) was added by 'J. Downs'(id:2) to servergroup 'Moderator'(id:9)
2019-04-04 17:56:37.832961|INFO    |VirtualServer |1  |permission 'b_virtualserver_log_view'(id:39) with values (value:1, negated:0, skipchannel:0) was added by 'J. Downs'(id:2) to servergroup 'Moderator'(id:9)
2019-04-04 17:56:37.833077|INFO    |VirtualServer |1  |permission 'b_virtualserver_client_dblist'(id:28) with values (value:1, negated:0, skipchannel:0) was added by 'J. Downs'(id:2) to servergroup 'Moderator'(id:9)
2019-04-04 17:56:37.833203|INFO    |VirtualServer |1  |permission 'b_virtualserver_servergroup_create'(id:159) with values (value:1, negated:0, skipchannel:0) was added by 'J. Downs'(id:2) to servergroup 'Moderator'(id:9)
2019-04-04 17:56:37.833315|INFO    |VirtualServer |1  |permission 'b_virtualserver_channelgroup_create'(id:160) with values (value:1, negated:0, skipchannel:0) was added by 'J. Downs'(id:2) to servergroup 'Moderator'(id:9)
2019-04-04 17:56:37.833431|INFO    |VirtualServer |1  |permission 'b_virtualserver_servergroup_delete'(id:169) with values (value:1, negated:0, skipchannel:0) was added by 'J. Downs'(id:2) to servergroup 'Moderator'(id:9)
2019-04-04 17:56:37.833545|INFO    |VirtualServer |1  |permission 'b_virtualserver_channelgroup_delete'(id:170) with values (value:1, negated:0, skipchannel:0) was added by 'J. Downs'(id:2) to servergroup 'Moderator'(id:9)
2019-04-04 17:56:37.833658|INFO    |VirtualServer |1  |permission 'b_icon_manage'(id:144) with values (value:1, negated:0, skipchannel:0) was added by 'J. Downs'(id:2) to servergroup 'Moderator'(id:9)
2019-04-04 17:56:37.833781|INFO    |VirtualServer |1  |permission 'i_max_icon_filesize'(id:143) with values (value:8192, negated:0, skipchannel:0) was added by 'J. Downs'(id:2) to servergroup 'Moderator'(id:9)
2019-04-04 17:56:37.833896|INFO    |VirtualServer |1  |permission 'b_virtualserver_servergroup_permission_list'(id:151) with values (value:1, negated:0, skipchannel:0) was added by 'J. Downs'(id:2) to servergroup 'Moderator'(id:9)
2019-04-04 17:56:37.834023|INFO    |VirtualServer |1  |permission 'b_virtualserver_channelgroup_permission_list'(id:154) with values (value:1, negated:0, skipchannel:0) was added by 'J. Downs'(id:2) to servergroup 'Moderator'(id:9)
2019-04-04 17:56:37.834150|INFO    |VirtualServer |1  |permission 'b_virtualserver_client_permission_list'(id:156) with values (value:1, negated:0, skipchannel:0) was added by 'J. Downs'(id:2) to servergroup 'Moderator'(id:9)
2019-04-04 17:56:37.834260|INFO    |VirtualServer |1  |permission 'b_virtualserver_channel_permission_list'(id:157) with values (value:1, negated:0, skipchannel:0) was added by 'J. Downs'(id:2) to servergroup 'Moderator'(id:9)
2019-04-04 17:56:37.834371|INFO    |VirtualServer |1  |permission 'b_virtualserver_channelclient_permission_list'(id:158) with values (value:1, negated:0, skipchannel:0) was added by 'J. Downs'(id:2) to servergroup 'Moderator'(id:9)
2019-04-04 17:56:37.834491|INFO    |VirtualServer |1  |permission 'b_virtualserver_servergroup_client_list'(id:152) with values (value:1, negated:0, skipchannel:0) was added by 'J. Downs'(id:2) to servergroup 'Moderator'(id:9)
2019-04-04 17:56:37.834612|INFO    |VirtualServer |1  |permission 'b_virtualserver_channelgroup_client_list'(id:155) with values (value:1, negated:0, skipchannel:0) was added by 'J. Downs'(id:2) to servergroup 'Moderator'(id:9)
2019-04-04 17:56:37.834722|INFO    |VirtualServer |1  |permission 'b_virtualserver_token_list'(id:35) with values (value:1, negated:0, skipchannel:0) was added by 'J. Downs'(id:2) to servergroup 'Moderator'(id:9)
2019-04-04 17:56:37.834841|INFO    |VirtualServer |1  |permission 'b_virtualserver_token_add'(id:36) with values (value:1, negated:0, skipchannel:0) was added by 'J. Downs'(id:2) to servergroup 'Moderator'(id:9)
2019-04-04 17:56:37.834950|INFO    |VirtualServer |1  |permission 'b_virtualserver_token_delete'(id:38) with values (value:1, negated:0, skipchannel:0) was added by 'J. Downs'(id:2) to servergroup 'Moderator'(id:9)
2019-04-04 17:56:37.835071|INFO    |VirtualServer |1  |permission 'i_group_member_add_power'(id:163) with values (value:75, negated:0, skipchannel:0) was added by 'J. Downs'(id:2) to servergroup 'Moderator'(id:9)
2019-04-04 17:56:37.835187|INFO    |VirtualServer |1  |permission 'i_group_member_remove_power'(id:165) with values (value:75, negated:0, skipchannel:0) was added by 'J. Downs'(id:2) to servergroup 'Moderator'(id:9)
2019-04-04 17:56:37.835311|INFO    |VirtualServer |1  |permission 'b_client_modify_description'(id:226) with values (value:1, negated:0, skipchannel:0) was added by 'J. Downs'(id:2) to servergroup 'Moderator'(id:9)
2019-04-04 17:56:37.835423|INFO    |VirtualServer |1  |permission 'b_client_modify_own_description'(id:227) with values (value:1, negated:0, skipchannel:0) was added by 'J. Downs'(id:2) to servergroup 'Moderator'(id:9)
2019-04-04 17:56:37.835541|INFO    |VirtualServer |1  |permission 'b_client_set_flag_talker'(id:223) with values (value:1, negated:0, skipchannel:0) was added by 'J. Downs'(id:2) to servergroup 'Moderator'(id:9)
2019-04-04 17:56:37.835656|INFO    |VirtualServer |1  |permission 'i_client_move_power'(id:202) with values (value:75, negated:0, skipchannel:0) was added by 'J. Downs'(id:2) to servergroup 'Moderator'(id:9)
2019-04-04 17:56:37.835804|INFO    |VirtualServer |1  |permission 'i_client_kick_from_channel_power'(id:198) with values (value:75, negated:0, skipchannel:0) was added by 'J. Downs'(id:2) to servergroup 'Moderator'(id:9)
2019-04-04 17:56:37.835931|INFO    |VirtualServer |1  |permission 'i_client_ban_power'(id:200) with values (value:75, negated:0, skipchannel:0) was added by 'J. Downs'(id:2) to servergroup 'Moderator'(id:9)
2019-04-04 17:56:37.836053|INFO    |VirtualServer |1  |permission 'b_client_ban_list'(id:209) with values (value:1, negated:0, skipchannel:0) was added by 'J. Downs'(id:2) to servergroup 'Moderator'(id:9)
2019-04-04 17:56:37.836177|INFO    |VirtualServer |1  |permission 'b_client_ban_delete_own'(id:211) with values (value:1, negated:0, skipchannel:0) was added by 'J. Downs'(id:2) to servergroup 'Moderator'(id:9)
2019-04-04 17:56:37.836290|INFO    |VirtualServer |1  |permission 'b_client_ban_create'(id:210) with values (value:1, negated:0, skipchannel:0) was added by 'J. Downs'(id:2) to servergroup 'Moderator'(id:9)
2019-04-04 17:56:37.836415|INFO    |VirtualServer |1  |permission 'b_client_ban_delete'(id:212) with values (value:1, negated:0, skipchannel:0) was added by 'J. Downs'(id:2) to servergroup 'Moderator'(id:9)
2019-04-04 17:56:37.836537|INFO    |VirtualServer |1  |permission 'i_client_ban_max_bantime'(id:213) with values (value:-1, negated:0, skipchannel:0) was added by 'J. Downs'(id:2) to servergroup 'Moderator'(id:9)
2019-04-04 17:56:37.836660|INFO    |VirtualServer |1  |permission 'b_client_ignore_bans'(id:180) with values (value:1, negated:0, skipchannel:0) was added by 'J. Downs'(id:2) to servergroup 'Moderator'(id:9)
2019-04-04 17:56:37.836795|INFO    |VirtualServer |1  |permission 'i_client_kick_from_server_power'(id:196) with values (value:75, negated:0, skipchannel:0) was added by 'J. Downs'(id:2) to servergroup 'Moderator'(id:9)
2019-04-04 17:56:37.836923|INFO    |VirtualServer |1  |permission 'b_channel_modify_name'(id:110) with values (value:1, negated:0, skipchannel:0) was added by 'J. Downs'(id:2) to servergroup 'Moderator'(id:9)
2019-04-04 17:56:37.837066|INFO    |VirtualServer |1  |permission 'b_channel_modify_topic'(id:111) with values (value:1, negated:0, skipchannel:0) was added by 'J. Downs'(id:2) to servergroup 'Moderator'(id:9)
2019-04-04 17:56:37.837194|INFO    |VirtualServer |1  |permission 'b_channel_modify_description'(id:112) with values (value:1, negated:0, skipchannel:0) was added by 'J. Downs'(id:2) to servergroup 'Moderator'(id:9)
2019-04-04 17:56:37.837308|INFO    |VirtualServer |1  |permission 'b_channel_modify_password'(id:113) with values (value:1, negated:0, skipchannel:0) was added by 'J. Downs'(id:2) to servergroup 'Moderator'(id:9)
2019-04-04 17:56:37.837422|INFO    |VirtualServer |1  |permission 'b_channel_modify_codec'(id:114) with values (value:1, negated:0, skipchannel:0) was added by 'J. Downs'(id:2) to servergroup 'Moderator'(id:9)
2019-04-04 17:56:37.837532|INFO    |VirtualServer |1  |permission 'b_channel_modify_codec_quality'(id:115) with values (value:1, negated:0, skipchannel:0) was added by 'J. Downs'(id:2) to servergroup 'Moderator'(id:9)
2019-04-04 17:56:37.837645|INFO    |VirtualServer |1  |permission 'b_channel_modify_codec_latency_factor'(id:116) with values (value:1, negated:0, skipchannel:0) was added by 'J. Downs'(id:2) to servergroup 'Moderator'(id:9)
2019-04-04 17:56:37.837756|INFO    |VirtualServer |1  |permission 'b_channel_modify_maxclients'(id:117) with values (value:1, negated:0, skipchannel:0) was added by 'J. Downs'(id:2) to servergroup 'Moderator'(id:9)
2019-04-04 17:56:37.837875|INFO    |VirtualServer |1  |permission 'b_channel_modify_maxfamilyclients'(id:118) with values (value:1, negated:0, skipchannel:0) was added by 'J. Downs'(id:2) to servergroup 'Moderator'(id:9)
2019-04-04 17:56:37.837986|INFO    |VirtualServer |1  |permission 'b_channel_modify_parent'(id:105) with values (value:1, negated:0, skipchannel:0) was added by 'J. Downs'(id:2) to servergroup 'Moderator'(id:9)
2019-04-04 17:56:37.838105|INFO    |VirtualServer |1  |permission 'b_channel_modify_sortorder'(id:119) with values (value:1, negated:0, skipchannel:0) was added by 'J. Downs'(id:2) to servergroup 'Moderator'(id:9)
2019-04-04 17:56:37.838215|INFO    |VirtualServer |1  |permission 'b_channel_modify_needed_talk_power'(id:120) with values (value:1, negated:0, skipchannel:0) was added by 'J. Downs'(id:2) to servergroup 'Moderator'(id:9)
2019-04-04 17:56:37.838348|INFO    |VirtualServer |1  |permission 'b_channel_modify_make_codec_encrypted'(id:123) with values (value:1, negated:0, skipchannel:0) was added by 'J. Downs'(id:2) to servergroup 'Moderator'(id:9)
2019-04-04 17:56:37.838476|INFO    |VirtualServer |1  |permission 'b_channel_create_child'(id:83) with values (value:1, negated:0, skipchannel:0) was added by 'J. Downs'(id:2) to servergroup 'Moderator'(id:9)
2019-04-04 17:56:37.838606|INFO    |VirtualServer |1  |permission 'b_channel_create_permanent'(id:84) with values (value:1, negated:0, skipchannel:0) was added by 'J. Downs'(id:2) to servergroup 'Moderator'(id:9)
2019-04-04 17:56:37.838735|INFO    |VirtualServer |1  |permission 'b_channel_create_semi_permanent'(id:85) with values (value:1, negated:0, skipchannel:0) was added by 'J. Downs'(id:2) to servergroup 'Moderator'(id:9)
2019-04-04 17:56:37.838877|INFO    |VirtualServer |1  |permission 'b_channel_create_temporary'(id:86) with values (value:1, negated:0, skipchannel:0) was added by 'J. Downs'(id:2) to servergroup 'Moderator'(id:9)
2019-04-04 17:56:37.839015|INFO    |VirtualServer |1  |permission 'b_channel_create_with_topic'(id:87) with values (value:1, negated:0, skipchannel:0) was added by 'J. Downs'(id:2) to servergroup 'Moderator'(id:9)
2019-04-04 17:56:37.839134|INFO    |VirtualServer |1  |permission 'b_channel_create_with_description'(id:88) with values (value:1, negated:0, skipchannel:0) was added by 'J. Downs'(id:2) to servergroup 'Moderator'(id:9)
2019-04-04 17:56:37.839258|INFO    |VirtualServer |1  |permission 'b_channel_create_with_password'(id:89) with values (value:1, negated:0, skipchannel:0) was added by 'J. Downs'(id:2) to servergroup 'Moderator'(id:9)
2019-04-04 17:56:37.839391|INFO    |VirtualServer |1  |permission 'b_channel_create_modify_with_codec_speex8'(id:90) with values (value:1, negated:0, skipchannel:0) was added by 'J. Downs'(id:2) to servergroup 'Moderator'(id:9)
2019-04-04 17:56:37.839526|INFO    |VirtualServer |1  |permission 'b_channel_create_modify_with_codec_speex16'(id:91) with values (value:1, negated:0, skipchannel:0) was added by 'J. Downs'(id:2) to servergroup 'Moderator'(id:9)
2019-04-04 17:56:37.839652|INFO    |VirtualServer |1  |permission 'b_channel_create_modify_with_codec_speex32'(id:92) with values (value:1, negated:0, skipchannel:0) was added by 'J. Downs'(id:2) to servergroup 'Moderator'(id:9)
2019-04-04 17:56:37.839783|INFO    |VirtualServer |1  |permission 'i_channel_create_modify_with_codec_maxquality'(id:96) with values (value:10, negated:0, skipchannel:0) was added by 'J. Downs'(id:2) to servergroup 'Moderator'(id:9)
2019-04-04 17:56:37.839917|INFO    |VirtualServer |1  |permission 'i_channel_create_modify_with_codec_latency_factor_min'(id:97) with values (value:1, negated:0, skipchannel:0) was added by 'J. Downs'(id:2) to servergroup 'Moderator'(id:9)
2019-04-04 17:56:37.840047|INFO    |VirtualServer |1  |permission 'b_channel_create_with_maxclients'(id:98) with values (value:1, negated:0, skipchannel:0) was added by 'J. Downs'(id:2) to servergroup 'Moderator'(id:9)
2019-04-04 17:56:37.840203|INFO    |VirtualServer |1  |permission 'b_channel_create_with_maxfamilyclients'(id:99) with values (value:1, negated:0, skipchannel:0) was added by 'J. Downs'(id:2) to servergroup 'Moderator'(id:9)
2019-04-04 17:56:37.840334|INFO    |VirtualServer |1  |permission 'b_channel_create_with_needed_talk_power'(id:102) with values (value:1, negated:0, skipchannel:0) was added by 'J. Downs'(id:2) to servergroup 'Moderator'(id:9)
2019-04-04 17:56:37.840467|INFO    |VirtualServer |1  |permission 'b_channel_create_modify_with_codec_celtmono48'(id:93) with values (value:1, negated:0, skipchannel:0) was added by 'J. Downs'(id:2) to servergroup 'Moderator'(id:9)
2019-04-04 17:56:37.840597|INFO    |VirtualServer |1  |permission 'b_channel_create_with_default'(id:101) with values (value:1, negated:0, skipchannel:0) was added by 'J. Downs'(id:2) to servergroup 'Moderator'(id:9)
2019-04-04 17:56:37.840734|INFO    |VirtualServer |1  |permission 'i_channel_max_depth'(id:78) with values (value:10, negated:0, skipchannel:0) was added by 'J. Downs'(id:2) to servergroup 'Moderator'(id:9)
2019-04-04 17:56:37.840856|INFO    |VirtualServer |1  |permission 'b_channel_create_with_sortorder'(id:100) with values (value:1, negated:0, skipchannel:0) was added by 'J. Downs'(id:2) to servergroup 'Moderator'(id:9)
2019-04-04 17:56:37.840969|INFO    |VirtualServer |1  |permission 'i_channel_delete_power'(id:129) with values (value:60, negated:0, skipchannel:0) was added by 'J. Downs'(id:2) to servergroup 'Moderator'(id:9)
2019-04-04 17:56:37.841089|INFO    |VirtualServer |1  |permission 'b_channel_delete_permanent'(id:125) with values (value:1, negated:0, skipchannel:0) was added by 'J. Downs'(id:2) to servergroup 'Moderator'(id:9)
2019-04-04 17:56:37.841203|INFO    |VirtualServer |1  |permission 'b_channel_delete_semi_permanent'(id:126) with values (value:1, negated:0, skipchannel:0) was added by 'J. Downs'(id:2) to servergroup 'Moderator'(id:9)
2019-04-04 17:56:37.841318|INFO    |VirtualServer |1  |permission 'b_channel_delete_temporary'(id:127) with values (value:1, negated:0, skipchannel:0) was added by 'J. Downs'(id:2) to servergroup 'Moderator'(id:9)
2019-04-04 17:56:37.841428|INFO    |VirtualServer |1  |permission 'b_channel_delete_flag_force'(id:128) with values (value:1, negated:0, skipchannel:0) was added by 'J. Downs'(id:2) to servergroup 'Moderator'(id:9)
2019-04-04 17:56:37.841554|INFO    |VirtualServer |1  |permission 'i_client_max_avatar_filesize'(id:175) with values (value:200000, negated:0, skipchannel:0) was added by 'J. Downs'(id:2) to servergroup 'Moderator'(id:9)
2019-04-04 17:56:37.841690|INFO    |VirtualServer |1  |permission 'b_client_use_channel_commander'(id:184) with values (value:1, negated:0, skipchannel:0) was added by 'J. Downs'(id:2) to servergroup 'Moderator'(id:9)
2019-04-04 17:56:37.841818|INFO    |VirtualServer |1  |permission 'i_client_max_channel_subscriptions'(id:176) with values (value:-1, negated:0, skipchannel:0) was added by 'J. Downs'(id:2) to servergroup 'Moderator'(id:9)
2019-04-04 17:56:37.841938|INFO    |VirtualServer |1  |permission 'i_channel_subscribe_power'(id:138) with values (value:75, negated:0, skipchannel:0) was added by 'J. Downs'(id:2) to servergroup 'Moderator'(id:9)
2019-04-04 17:56:37.842056|INFO    |VirtualServer |1  |permission 'i_needed_modify_power_client_is_priority_speaker'(id:32945) with values (value:75, negated:0, skipchannel:0) was added by 'J. Downs'(id:2) to servergroup 'Moderator'(id:9)
2019-04-04 17:56:37.842172|INFO    |VirtualServer |1  |permission 'i_client_private_textmessage_power'(id:214) with values (value:75, negated:0, skipchannel:0) was added by 'J. Downs'(id:2) to servergroup 'Moderator'(id:9)
2019-04-04 17:56:37.842283|INFO    |VirtualServer |1  |permission 'b_client_server_textmessage_send'(id:216) with values (value:1, negated:0, skipchannel:0) was added by 'J. Downs'(id:2) to servergroup 'Moderator'(id:9)
2019-04-04 17:56:37.842417|INFO    |VirtualServer |1  |permission 'b_client_channel_textmessage_send'(id:217) with values (value:1, negated:0, skipchannel:0) was added by 'J. Downs'(id:2) to servergroup 'Moderator'(id:9)
2019-04-04 17:56:37.842528|INFO    |VirtualServer |1  |permission 'b_client_offline_textmessage_send'(id:218) with values (value:1, negated:0, skipchannel:0) was added by 'J. Downs'(id:2) to servergroup 'Moderator'(id:9)
2019-04-04 17:56:37.842643|INFO    |VirtualServer |1  |permission 'i_ft_file_delete_power'(id:237) with values (value:75, negated:0, skipchannel:0) was added by 'J. Downs'(id:2) to servergroup 'Moderator'(id:9)
2019-04-04 17:56:37.842783|INFO    |VirtualServer |1  |permission 'i_ft_file_rename_power'(id:239) with values (value:75, negated:0, skipchannel:0) was added by 'J. Downs'(id:2) to servergroup 'Moderator'(id:9)
2019-04-04 17:56:37.842902|INFO    |VirtualServer |1  |permission 'i_ft_directory_create_power'(id:243) with values (value:75, negated:0, skipchannel:0) was added by 'J. Downs'(id:2) to servergroup 'Moderator'(id:9)
2019-04-04 17:56:37.843046|INFO    |VirtualServer |1  |permission 'b_ft_ignore_password'(id:231) with values (value:1, negated:0, skipchannel:0) was added by 'J. Downs'(id:2) to servergroup 'Moderator'(id:9)
2019-04-04 17:56:37.843166|INFO    |VirtualServer |1  |permission 'i_ft_file_upload_power'(id:233) with values (value:75, negated:0, skipchannel:0) was added by 'J. Downs'(id:2) to servergroup 'Moderator'(id:9)
2019-04-04 17:56:37.843281|INFO    |VirtualServer |1  |permission 'i_ft_quota_mb_upload_per_client'(id:246) with values (value:-1, negated:0, skipchannel:0) was added by 'J. Downs'(id:2) to servergroup 'Moderator'(id:9)
2019-04-04 17:56:37.843399|INFO    |VirtualServer |1  |permission 'i_ft_file_download_power'(id:235) with values (value:75, negated:0, skipchannel:0) was added by 'J. Downs'(id:2) to servergroup 'Moderator'(id:9)
2019-04-04 17:56:37.843515|INFO    |VirtualServer |1  |permission 'i_ft_quota_mb_download_per_client'(id:245) with values (value:-1, negated:0, skipchannel:0) was added by 'J. Downs'(id:2) to servergroup 'Moderator'(id:9)
2019-04-04 17:56:37.843628|INFO    |VirtualServer |1  |permission 'i_ft_file_browse_power'(id:241) with values (value:75, negated:0, skipchannel:0) was added by 'J. Downs'(id:2) to servergroup 'Moderator'(id:9)
2019-04-04 17:56:37.843743|INFO    |VirtualServer |1  |permission 'b_channel_modify_make_permanent'(id:107) with values (value:1, negated:0, skipchannel:0) was added by 'J. Downs'(id:2) to servergroup 'Moderator'(id:9)
2019-04-04 17:56:37.843860|INFO    |VirtualServer |1  |permission 'b_channel_modify_make_default'(id:106) with values (value:1, negated:0, skipchannel:0) was added by 'J. Downs'(id:2) to servergroup 'Moderator'(id:9)
2019-04-04 17:56:37.843974|INFO    |VirtualServer |1  |permission 'b_channel_modify_make_semi_permanent'(id:108) with values (value:1, negated:0, skipchannel:0) was added by 'J. Downs'(id:2) to servergroup 'Moderator'(id:9)
2019-04-04 17:56:37.844093|INFO    |VirtualServer |1  |permission 'b_channel_modify_make_temporary'(id:109) with values (value:1, negated:0, skipchannel:0) was added by 'J. Downs'(id:2) to servergroup 'Moderator'(id:9)
2019-04-04 17:56:37.844222|INFO    |VirtualServer |1  |permission 'i_needed_modify_power_group_auto_update_type'(id:32914) with values (value:75, negated:0, skipchannel:0) was added by 'J. Downs'(id:2) to servergroup 'Moderator'(id:9)
2019-04-04 17:56:37.844338|INFO    |VirtualServer |1  |permission 'i_needed_modify_power_group_is_permanent'(id:32913) with values (value:75, negated:0, skipchannel:0) was added by 'J. Downs'(id:2) to servergroup 'Moderator'(id:9)
2019-04-04 17:56:37.844459|INFO    |VirtualServer |1  |permission 'i_needed_modify_power_client_talk_power'(id:32987) with values (value:75, negated:0, skipchannel:0) was added by 'J. Downs'(id:2) to servergroup 'Moderator'(id:9)
2019-04-04 17:56:37.844575|INFO    |VirtualServer |1  |permission 'i_needed_modify_power_client_poke_power'(id:32989) with values (value:75, negated:0, skipchannel:0) was added by 'J. Downs'(id:2) to servergroup 'Moderator'(id:9)
2019-04-04 17:56:37.844690|INFO    |VirtualServer |1  |permission 'i_needed_modify_power_client_max_clones_uid'(id:32941) with values (value:75, negated:0, skipchannel:0) was added by 'J. Downs'(id:2) to servergroup 'Moderator'(id:9)
2019-04-04 17:56:37.844816|INFO    |VirtualServer |1  |permission 'i_needed_modify_power_client_ignore_antiflood'(id:32949) with values (value:75, negated:0, skipchannel:0) was added by 'J. Downs'(id:2) to servergroup 'Moderator'(id:9)
2019-04-04 17:56:37.844938|INFO    |VirtualServer |1  |permission 'i_needed_modify_power_client_issue_client_query_command'(id:32950) with values (value:75, negated:0, skipchannel:0) was added by 'J. Downs'(id:2) to servergroup 'Moderator'(id:9)
2019-04-04 17:56:37.845053|INFO    |VirtualServer |1  |permission 'i_needed_modify_power_channel_join_permanent'(id:32899) with values (value:75, negated:0, skipchannel:0) was added by 'J. Downs'(id:2) to servergroup 'Moderator'(id:9)
2019-04-04 17:56:37.845170|INFO    |VirtualServer |1  |permission 'i_needed_modify_power_channel_join_semi_permanent'(id:32900) with values (value:75, negated:0, skipchannel:0) was added by 'J. Downs'(id:2) to servergroup 'Moderator'(id:9)
2019-04-04 17:56:37.845285|INFO    |VirtualServer |1  |permission 'i_needed_modify_power_channel_join_temporary'(id:32901) with values (value:75, negated:0, skipchannel:0) was added by 'J. Downs'(id:2) to servergroup 'Moderator'(id:9)
2019-04-04 17:56:37.845404|INFO    |VirtualServer |1  |permission 'i_needed_modify_power_channel_join_ignore_password'(id:32902) with values (value:75, negated:0, skipchannel:0) was added by 'J. Downs'(id:2) to servergroup 'Moderator'(id:9)
2019-04-04 17:56:37.845515|INFO    |VirtualServer |1  |permission 'i_needed_modify_power_channel_join_ignore_maxclients'(id:32903) with values (value:75, negated:0, skipchannel:0) was added by 'J. Downs'(id:2) to servergroup 'Moderator'(id:9)
2019-04-04 17:56:37.845628|INFO    |VirtualServer |1  |permission 'i_needed_modify_power_channel_join_power'(id:32904) with values (value:75, negated:0, skipchannel:0) was added by 'J. Downs'(id:2) to servergroup 'Moderator'(id:9)
2019-04-04 17:56:37.845739|INFO    |VirtualServer |1  |permission 'i_needed_modify_power_virtualserver_token_use'(id:32805) with values (value:75, negated:0, skipchannel:0) was added by 'J. Downs'(id:2) to servergroup 'Moderator'(id:9)
2019-04-04 17:56:37.845853|INFO    |VirtualServer |1  |permission 'i_needed_modify_power_channel_description_view_power'(id:32908) with values (value:75, negated:0, skipchannel:0) was added by 'J. Downs'(id:2) to servergroup 'Moderator'(id:9)
2019-04-04 17:56:37.845963|INFO    |VirtualServer |1  |permission 'i_needed_modify_power_client_permissionoverview_view'(id:32958) with values (value:75, negated:0, skipchannel:0) was added by 'J. Downs'(id:2) to servergroup 'Moderator'(id:9)
2019-04-04 17:56:37.846087|INFO    |VirtualServer |1  |permission 'i_needed_modify_power_client_permissionoverview_own'(id:32959) with values (value:75, negated:0, skipchannel:0) was added by 'J. Downs'(id:2) to servergroup 'Moderator'(id:9)
2019-04-04 17:56:37.846200|INFO    |VirtualServer |1  |permission 'i_needed_modify_power_client_remoteaddress_view'(id:32960) with values (value:75, negated:0, skipchannel:0) was added by 'J. Downs'(id:2) to servergroup 'Moderator'(id:9)
2019-04-04 17:56:37.846315|INFO    |VirtualServer |1  |permission 'i_needed_modify_power_client_serverquery_view_power'(id:32961) with values (value:75, negated:0, skipchannel:0) was added by 'J. Downs'(id:2) to servergroup 'Moderator'(id:9)
2019-04-04 17:56:37.846425|INFO    |VirtualServer |1  |permission 'i_needed_modify_power_client_needed_serverquery_view_power'(id:32962) with values (value:75, negated:0, skipchannel:0) was added by 'J. Downs'(id:2) to servergroup 'Moderator'(id:9)
2019-04-04 17:56:37.846543|INFO    |VirtualServer |1  |permission 'i_needed_modify_power_client_needed_complain_power'(id:32973) with values (value:75, negated:0, skipchannel:0) was added by 'J. Downs'(id:2) to servergroup 'Moderator'(id:9)
2019-04-04 17:56:37.846653|INFO    |VirtualServer |1  |permission 'i_needed_modify_power_group_needed_modify_power'(id:32930) with values (value:75, negated:0, skipchannel:0) was added by 'J. Downs'(id:2) to servergroup 'Moderator'(id:9)
2019-04-04 17:56:37.846768|INFO    |VirtualServer |1  |permission 'i_needed_modify_power_client_needed_ban_power'(id:32969) with values (value:75, negated:0, skipchannel:0) was added by 'J. Downs'(id:2) to servergroup 'Moderator'(id:9)
2019-04-04 17:56:37.846875|INFO    |VirtualServer |1  |permission 'i_needed_modify_power_client_needed_kick_from_server_power'(id:32965) with values (value:75, negated:0, skipchannel:0) was added by 'J. Downs'(id:2) to servergroup 'Moderator'(id:9)
2019-04-04 17:56:37.846992|INFO    |VirtualServer |1  |permission 'i_needed_modify_power_client_needed_kick_from_channel_power'(id:32967) with values (value:75, negated:0, skipchannel:0) was added by 'J. Downs'(id:2) to servergroup 'Moderator'(id:9)
2019-04-04 17:56:37.847099|INFO    |VirtualServer |1  |permission 'i_needed_modify_power_group_needed_member_add_power'(id:32932) with values (value:75, negated:0, skipchannel:0) was added by 'J. Downs'(id:2) to servergroup 'Moderator'(id:9)
2019-04-04 17:56:37.847213|INFO    |VirtualServer |1  |permission 'i_needed_modify_power_group_needed_member_remove_power'(id:32934) with values (value:75, negated:0, skipchannel:0) was added by 'J. Downs'(id:2) to servergroup 'Moderator'(id:9)
2019-04-04 17:56:37.847324|INFO    |VirtualServer |1  |permission 'i_needed_modify_power_group_modify_power'(id:32929) with values (value:75, negated:0, skipchannel:0) was added by 'J. Downs'(id:2) to servergroup 'Moderator'(id:9)
2019-04-04 17:56:37.847442|INFO    |VirtualServer |1  |permission 'i_needed_modify_power_permission_modify_power'(id:32935) with values (value:75, negated:0, skipchannel:0) was added by 'J. Downs'(id:2) to servergroup 'Moderator'(id:9)
2019-04-04 17:56:37.847553|INFO    |VirtualServer |1  |permission 'i_needed_modify_power_client_permission_modify_power'(id:32939) with values (value:75, negated:0, skipchannel:0) was added by 'J. Downs'(id:2) to servergroup 'Moderator'(id:9)
2019-04-04 17:56:37.847677|INFO    |VirtualServer |1  |permission 'i_needed_modify_power_client_needed_permission_modify_power'(id:32940) with values (value:75, negated:0, skipchannel:0) was added by 'J. Downs'(id:2) to servergroup 'Moderator'(id:9)
2019-04-04 17:56:37.847797|INFO    |VirtualServer |1  |permission 'i_needed_modify_power_virtualserver_connectioninfo_view'(id:32791) with values (value:75, negated:0, skipchannel:0) was added by 'J. Downs'(id:2) to servergroup 'Moderator'(id:9)
2019-04-04 17:56:37.847902|INFO    |VirtualServer |1  |permission 'i_needed_modify_power_channel_modify_power'(id:32889) with values (value:75, negated:0, skipchannel:0) was added by 'J. Downs'(id:2) to servergroup 'Moderator'(id:9)
2019-04-04 17:56:37.848010|INFO    |VirtualServer |1  |permission 'i_needed_modify_power_client_complain_list'(id:32974) with values (value:75, negated:0, skipchannel:0) was added by 'J. Downs'(id:2) to servergroup 'Moderator'(id:9)
2019-04-04 17:56:37.848115|INFO    |VirtualServer |1  |permission 'i_needed_modify_power_channel_permission_modify_power'(id:32848) with values (value:75, negated:0, skipchannel:0) was added by 'J. Downs'(id:2) to servergroup 'Moderator'(id:9)
2019-04-04 17:56:37.848222|INFO    |VirtualServer |1  |permission 'i_needed_modify_power_client_needed_move_power'(id:32971) with values (value:75, negated:0, skipchannel:0) was added by 'J. Downs'(id:2) to servergroup 'Moderator'(id:9)
2019-04-04 17:56:37.848330|INFO    |VirtualServer |1  |permission 'i_needed_modify_power_client_skip_channelgroup_permissions'(id:32946) with values (value:75, negated:0, skipchannel:0) was added by 'J. Downs'(id:2) to servergroup 'Moderator'(id:9)
2019-04-04 17:56:37.848442|INFO    |VirtualServer |1  |permission 'i_needed_modify_power_virtualserver_join_ignore_password'(id:32809) with values (value:75, negated:0, skipchannel:0) was added by 'J. Downs'(id:2) to servergroup 'Moderator'(id:9)
2019-04-04 17:56:37.848550|INFO    |VirtualServer |1  |permission 'i_needed_modify_power_virtualserver_modify_name'(id:32815) with values (value:75, negated:0, skipchannel:0) was added by 'J. Downs'(id:2) to servergroup 'Moderator'(id:9)
2019-04-04 17:56:37.848661|INFO    |VirtualServer |1  |permission 'i_needed_modify_power_virtualserver_modify_nickname'(id:32843) with values (value:75, negated:0, skipchannel:0) was added by 'J. Downs'(id:2) to servergroup 'Moderator'(id:9)
2019-04-04 17:56:37.848785|INFO    |VirtualServer |1  |permission 'i_needed_modify_power_virtualserver_modify_welcomemessage'(id:32816) with values (value:75, negated:0, skipchannel:0) was added by 'J. Downs'(id:2) to servergroup 'Moderator'(id:9)
2019-04-04 17:56:37.848907|INFO    |VirtualServer |1  |permission 'i_needed_modify_power_virtualserver_modify_password'(id:32819) with values (value:75, negated:0, skipchannel:0) was added by 'J. Downs'(id:2) to servergroup 'Moderator'(id:9)
2019-04-04 17:56:37.849027|INFO    |VirtualServer |1  |permission 'i_needed_modify_power_virtualserver_modify_icon_id'(id:32837) with values (value:75, negated:0, skipchannel:0) was added by 'J. Downs'(id:2) to servergroup 'Moderator'(id:9)
2019-04-04 17:56:37.849144|INFO    |VirtualServer |1  |permission 'i_needed_modify_power_virtualserver_modify_weblist'(id:32838) with values (value:75, negated:0, skipchannel:0) was added by 'J. Downs'(id:2) to servergroup 'Moderator'(id:9)
2019-04-04 17:56:37.849254|INFO    |VirtualServer |1  |permission 'i_needed_modify_power_virtualserver_modify_codec_encryption_mode'(id:32839) with values (value:75, negated:0, skipchannel:0) was added by 'J. Downs'(id:2) to servergroup 'Moderator'(id:9)
2019-04-04 17:56:37.849367|INFO    |VirtualServer |1  |permission 'i_needed_modify_power_client_use_reserved_slot'(id:32951) with values (value:75, negated:0, skipchannel:0) was added by 'J. Downs'(id:2) to servergroup 'Moderator'(id:9)
2019-04-04 17:56:37.849488|INFO    |VirtualServer |1  |permission 'i_needed_modify_power_virtualserver_log_view'(id:32807) with values (value:75, negated:0, skipchannel:0) was added by 'J. Downs'(id:2) to servergroup 'Moderator'(id:9)
2019-04-04 17:56:37.849597|INFO    |VirtualServer |1  |permission 'i_needed_modify_power_virtualserver_client_dblist'(id:32796) with values (value:75, negated:0, skipchannel:0) was added by 'J. Downs'(id:2) to servergroup 'Moderator'(id:9)
2019-04-04 17:56:37.849710|INFO    |VirtualServer |1  |permission 'i_needed_modify_power_virtualserver_servergroup_create'(id:32927) with values (value:75, negated:0, skipchannel:0) was added by 'J. Downs'(id:2) to servergroup 'Moderator'(id:9)
2019-04-04 17:56:37.849820|INFO    |VirtualServer |1  |permission 'i_needed_modify_power_virtualserver_channelgroup_create'(id:32928) with values (value:75, negated:0, skipchannel:0) was added by 'J. Downs'(id:2) to servergroup 'Moderator'(id:9)
2019-04-04 17:56:37.849933|INFO    |VirtualServer |1  |permission 'i_needed_modify_power_virtualserver_servergroup_delete'(id:32937) with values (value:75, negated:0, skipchannel:0) was added by 'J. Downs'(id:2) to servergroup 'Moderator'(id:9)
2019-04-04 17:56:37.850044|INFO    |VirtualServer |1  |permission 'i_needed_modify_power_virtualserver_channelgroup_delete'(id:32938) with values (value:75, negated:0, skipchannel:0) was added by 'J. Downs'(id:2) to servergroup 'Moderator'(id:9)
2019-04-04 17:56:37.850162|INFO    |VirtualServer |1  |permission 'i_needed_modify_power_icon_manage'(id:32912) with values (value:75, negated:0, skipchannel:0) was added by 'J. Downs'(id:2) to servergroup 'Moderator'(id:9)
2019-04-04 17:56:37.850273|INFO    |VirtualServer |1  |permission 'i_needed_modify_power_max_icon_filesize'(id:32911) with values (value:75, negated:0, skipchannel:0) was added by 'J. Downs'(id:2) to servergroup 'Moderator'(id:9)
2019-04-04 17:56:37.850390|INFO    |VirtualServer |1  |permission 'i_needed_modify_power_virtualserver_servergroup_permission_list'(id:32919) with values (value:75, negated:0, skipchannel:0) was added by 'J. Downs'(id:2) to servergroup 'Moderator'(id:9)
2019-04-04 17:56:37.850523|INFO    |VirtualServer |1  |permission 'i_needed_modify_power_virtualserver_channelgroup_permission_list'(id:32922) with values (value:75, negated:0, skipchannel:0) was added by 'J. Downs'(id:2) to servergroup 'Moderator'(id:9)
2019-04-04 17:56:37.850639|INFO    |VirtualServer |1  |permission 'i_needed_modify_power_virtualserver_client_permission_list'(id:32924) with values (value:75, negated:0, skipchannel:0) was added by 'J. Downs'(id:2) to servergroup 'Moderator'(id:9)
2019-04-04 17:56:37.850754|INFO    |VirtualServer |1  |permission 'i_needed_modify_power_virtualserver_channel_permission_list'(id:32925) with values (value:75, negated:0, skipchannel:0) was added by 'J. Downs'(id:2) to servergroup 'Moderator'(id:9)
2019-04-04 17:56:37.850866|INFO    |VirtualServer |1  |permission 'i_needed_modify_power_virtualserver_channelclient_permission_list'(id:32926) with values (value:75, negated:0, skipchannel:0) was added by 'J. Downs'(id:2) to servergroup 'Moderator'(id:9)
2019-04-04 17:56:37.850974|INFO    |VirtualServer |1  |permission 'i_needed_modify_power_virtualserver_servergroup_client_list'(id:32920) with values (value:75, negated:0, skipchannel:0) was added by 'J. Downs'(id:2) to servergroup 'Moderator'(id:9)
2019-04-04 17:56:37.851096|INFO    |VirtualServer |1  |permission 'i_needed_modify_power_virtualserver_channelgroup_client_list'(id:32923) with values (value:75, negated:0, skipchannel:0) was added by 'J. Downs'(id:2) to servergroup 'Moderator'(id:9)
2019-04-04 17:56:37.851209|INFO    |VirtualServer |1  |permission 'i_needed_modify_power_virtualserver_token_list'(id:32803) with values (value:75, negated:0, skipchannel:0) was added by 'J. Downs'(id:2) to servergroup 'Moderator'(id:9)
2019-04-04 17:56:37.851317|INFO    |VirtualServer |1  |permission 'i_needed_modify_power_virtualserver_token_add'(id:32804) with values (value:75, negated:0, skipchannel:0) was added by 'J. Downs'(id:2) to servergroup 'Moderator'(id:9)
2019-04-04 17:56:37.851434|INFO    |VirtualServer |1  |permission 'i_needed_modify_power_virtualserver_token_delete'(id:32806) with values (value:75, negated:0, skipchannel:0) was added by 'J. Downs'(id:2) to servergroup 'Moderator'(id:9)
2019-04-04 17:56:37.852283|INFO    |VirtualServer |1  |permission 'i_needed_modify_power_group_member_add_power'(id:32931) with values (value:75, negated:0, skipchannel:0) was added by 'J. Downs'(id:2) to servergroup 'Moderator'(id:9)
2019-04-04 17:56:37.852417|INFO    |VirtualServer |1  |permission 'i_needed_modify_power_group_member_remove_power'(id:32933) with values (value:75, negated:0, skipchannel:0) was added by 'J. Downs'(id:2) to servergroup 'Moderator'(id:9)
2019-04-04 17:56:37.852530|INFO    |VirtualServer |1  |permission 'i_needed_modify_power_client_modify_description'(id:32994) with values (value:75, negated:0, skipchannel:0) was added by 'J. Downs'(id:2) to servergroup 'Moderator'(id:9)
2019-04-04 17:56:37.852640|INFO    |VirtualServer |1  |permission 'i_needed_modify_power_client_modify_own_description'(id:32995) with values (value:75, negated:0, skipchannel:0) was added by 'J. Downs'(id:2) to servergroup 'Moderator'(id:9)
2019-04-04 17:56:37.852762|INFO    |VirtualServer |1  |permission 'i_needed_modify_power_client_set_flag_talker'(id:32991) with values (value:75, negated:0, skipchannel:0) was added by 'J. Downs'(id:2) to servergroup 'Moderator'(id:9)
2019-04-04 17:56:37.852881|INFO    |VirtualServer |1  |permission 'i_needed_modify_power_client_move_power'(id:32970) with values (value:75, negated:0, skipchannel:0) was added by 'J. Downs'(id:2) to servergroup 'Moderator'(id:9)
2019-04-04 17:56:37.853004|INFO    |VirtualServer |1  |permission 'i_needed_modify_power_client_kick_from_channel_power'(id:32966) with values (value:75, negated:0, skipchannel:0) was added by 'J. Downs'(id:2) to servergroup 'Moderator'(id:9)
2019-04-04 17:56:37.853114|INFO    |VirtualServer |1  |permission 'i_needed_modify_power_client_ban_power'(id:32968) with values (value:75, negated:0, skipchannel:0) was added by 'J. Downs'(id:2) to servergroup 'Moderator'(id:9)
2019-04-04 17:56:37.853223|INFO    |VirtualServer |1  |permission 'i_needed_modify_power_client_ban_list'(id:32977) with values (value:75, negated:0, skipchannel:0) was added by 'J. Downs'(id:2) to servergroup 'Moderator'(id:9)
2019-04-04 17:56:37.853330|INFO    |VirtualServer |1  |permission 'i_needed_modify_power_client_ban_delete_own'(id:32979) with values (value:75, negated:0, skipchannel:0) was added by 'J. Downs'(id:2) to servergroup 'Moderator'(id:9)
2019-04-04 17:56:37.853445|INFO    |VirtualServer |1  |permission 'i_needed_modify_power_client_ban_create'(id:32978) with values (value:75, negated:0, skipchannel:0) was added by 'J. Downs'(id:2) to servergroup 'Moderator'(id:9)
2019-04-04 17:56:37.853552|INFO    |VirtualServer |1  |permission 'i_needed_modify_power_client_ban_delete'(id:32980) with values (value:75, negated:0, skipchannel:0) was added by 'J. Downs'(id:2) to servergroup 'Moderator'(id:9)
2019-04-04 17:56:37.853668|INFO    |VirtualServer |1  |permission 'i_needed_modify_power_client_ban_max_bantime'(id:32981) with values (value:75, negated:0, skipchannel:0) was added by 'J. Downs'(id:2) to servergroup 'Moderator'(id:9)
2019-04-04 17:56:37.853796|INFO    |VirtualServer |1  |permission 'i_needed_modify_power_client_ignore_bans'(id:32948) with values (value:75, negated:0, skipchannel:0) was added by 'J. Downs'(id:2) to servergroup 'Moderator'(id:9)
2019-04-04 17:56:37.853918|INFO    |VirtualServer |1  |permission 'i_needed_modify_power_client_kick_from_server_power'(id:32964) with values (value:75, negated:0, skipchannel:0) was added by 'J. Downs'(id:2) to servergroup 'Moderator'(id:9)
2019-04-04 17:56:37.854046|INFO    |VirtualServer |1  |permission 'i_needed_modify_power_channel_modify_name'(id:32878) with values (value:75, negated:0, skipchannel:0) was added by 'J. Downs'(id:2) to servergroup 'Moderator'(id:9)
2019-04-04 17:56:37.854186|INFO    |VirtualServer |1  |permission 'i_needed_modify_power_channel_modify_topic'(id:32879) with values (value:75, negated:0, skipchannel:0) was added by 'J. Downs'(id:2) to servergroup 'Moderator'(id:9)
2019-04-04 17:56:37.854308|INFO    |VirtualServer |1  |permission 'i_needed_modify_power_channel_modify_description'(id:32880) with values (value:75, negated:0, skipchannel:0) was added by 'J. Downs'(id:2) to servergroup 'Moderator'(id:9)
2019-04-04 17:56:37.854420|INFO    |VirtualServer |1  |permission 'i_needed_modify_power_channel_modify_password'(id:32881) with values (value:75, negated:0, skipchannel:0) was added by 'J. Downs'(id:2) to servergroup 'Moderator'(id:9)
2019-04-04 17:56:37.854529|INFO    |VirtualServer |1  |permission 'i_needed_modify_power_channel_modify_codec'(id:32882) with values (value:75, negated:0, skipchannel:0) was added by 'J. Downs'(id:2) to servergroup 'Moderator'(id:9)
2019-04-04 17:56:37.854636|INFO    |VirtualServer |1  |permission 'i_needed_modify_power_channel_modify_codec_quality'(id:32883) with values (value:75, negated:0, skipchannel:0) was added by 'J. Downs'(id:2) to servergroup 'Moderator'(id:9)
2019-04-04 17:56:37.854738|INFO    |VirtualServer |1  |permission 'i_needed_modify_power_channel_modify_codec_latency_factor'(id:32884) with values (value:75, negated:0, skipchannel:0) was added by 'J. Downs'(id:2) to servergroup 'Moderator'(id:9)
2019-04-04 17:56:37.854838|INFO    |VirtualServer |1  |permission 'i_needed_modify_power_channel_modify_maxclients'(id:32885) with values (value:75, negated:0, skipchannel:0) was added by 'J. Downs'(id:2) to servergroup 'Moderator'(id:9)
2019-04-04 17:56:37.854937|INFO    |VirtualServer |1  |permission 'i_needed_modify_power_channel_modify_maxfamilyclients'(id:32886) with values (value:75, negated:0, skipchannel:0) was added by 'J. Downs'(id:2) to servergroup 'Moderator'(id:9)
2019-04-04 17:56:37.855036|INFO    |VirtualServer |1  |permission 'i_needed_modify_power_channel_modify_parent'(id:32873) with values (value:75, negated:0, skipchannel:0) was added by 'J. Downs'(id:2) to servergroup 'Moderator'(id:9)
2019-04-04 17:56:37.855141|INFO    |VirtualServer |1  |permission 'i_needed_modify_power_channel_modify_sortorder'(id:32887) with values (value:75, negated:0, skipchannel:0) was added by 'J. Downs'(id:2) to servergroup 'Moderator'(id:9)
2019-04-04 17:56:37.855240|INFO    |VirtualServer |1  |permission 'i_needed_modify_power_channel_modify_needed_talk_power'(id:32888) with values (value:75, negated:0, skipchannel:0) was added by 'J. Downs'(id:2) to servergroup 'Moderator'(id:9)
2019-04-04 17:56:37.855340|INFO    |VirtualServer |1  |permission 'i_needed_modify_power_channel_modify_make_codec_encrypted'(id:32891) with values (value:75, negated:0, skipchannel:0) was added by 'J. Downs'(id:2) to servergroup 'Moderator'(id:9)
2019-04-04 17:56:37.855470|INFO    |VirtualServer |1  |permission 'i_needed_modify_power_channel_create_child'(id:32851) with values (value:75, negated:0, skipchannel:0) was added by 'J. Downs'(id:2) to servergroup 'Moderator'(id:9)
2019-04-04 17:56:37.855615|INFO    |VirtualServer |1  |permission 'i_needed_modify_power_channel_create_permanent'(id:32852) with values (value:75, negated:0, skipchannel:0) was added by 'J. Downs'(id:2) to servergroup 'Moderator'(id:9)
2019-04-04 17:56:37.855772|INFO    |VirtualServer |1  |permission 'i_needed_modify_power_channel_create_semi_permanent'(id:32853) with values (value:75, negated:0, skipchannel:0) was added by 'J. Downs'(id:2) to servergroup 'Moderator'(id:9)
2019-04-04 17:56:37.855916|INFO    |VirtualServer |1  |permission 'i_needed_modify_power_channel_create_temporary'(id:32854) with values (value:75, negated:0, skipchannel:0) was added by 'J. Downs'(id:2) to servergroup 'Moderator'(id:9)
2019-04-04 17:56:37.856045|INFO    |VirtualServer |1  |permission 'i_needed_modify_power_channel_create_with_topic'(id:32855) with values (value:75, negated:0, skipchannel:0) was added by 'J. Downs'(id:2) to servergroup 'Moderator'(id:9)
2019-04-04 17:56:37.856162|INFO    |VirtualServer |1  |permission 'i_needed_modify_power_channel_create_with_description'(id:32856) with values (value:75, negated:0, skipchannel:0) was added by 'J. Downs'(id:2) to servergroup 'Moderator'(id:9)
2019-04-04 17:56:37.856286|INFO    |VirtualServer |1  |permission 'i_needed_modify_power_channel_create_with_password'(id:32857) with values (value:75, negated:0, skipchannel:0) was added by 'J. Downs'(id:2) to servergroup 'Moderator'(id:9)
2019-04-04 17:56:37.856394|INFO    |VirtualServer |1  |permission 'i_needed_modify_power_channel_create_modify_with_codec_speex8'(id:32858) with values (value:75, negated:0, skipchannel:0) was added by 'J. Downs'(id:2) to servergroup 'Moderator'(id:9)
2019-04-04 17:56:37.856499|INFO    |VirtualServer |1  |permission 'i_needed_modify_power_channel_create_modify_with_codec_speex16'(id:32859) with values (value:75, negated:0, skipchannel:0) was added by 'J. Downs'(id:2) to servergroup 'Moderator'(id:9)
2019-04-04 17:56:37.856623|INFO    |VirtualServer |1  |permission 'i_needed_modify_power_channel_create_modify_with_codec_speex32'(id:32860) with values (value:75, negated:0, skipchannel:0) was added by 'J. Downs'(id:2) to servergroup 'Moderator'(id:9)
2019-04-04 17:56:37.856738|INFO    |VirtualServer |1  |permission 'i_needed_modify_power_channel_create_modify_with_codec_maxquality'(id:32864) with values (value:75, negated:0, skipchannel:0) was added by 'J. Downs'(id:2) to servergroup 'Moderator'(id:9)
2019-04-04 17:56:37.856871|INFO    |VirtualServer |1  |permission 'i_needed_modify_power_channel_create_modify_with_codec_latency_factor_min'(id:32865) with values (value:75, negated:0, skipchannel:0) was added by 'J. Downs'(id:2) to servergroup 'Moderator'(id:9)
2019-04-04 17:56:37.856985|INFO    |VirtualServer |1  |permission 'i_needed_modify_power_channel_create_with_maxclients'(id:32866) with values (value:75, negated:0, skipchannel:0) was added by 'J. Downs'(id:2) to servergroup 'Moderator'(id:9)
2019-04-04 17:56:37.857104|INFO    |VirtualServer |1  |permission 'i_needed_modify_power_channel_create_with_maxfamilyclients'(id:32867) with values (value:75, negated:0, skipchannel:0) was added by 'J. Downs'(id:2) to servergroup 'Moderator'(id:9)
2019-04-04 17:56:37.857226|INFO    |VirtualServer |1  |permission 'i_needed_modify_power_channel_create_with_needed_talk_power'(id:32870) with values (value:75, negated:0, skipchannel:0) was added by 'J. Downs'(id:2) to servergroup 'Moderator'(id:9)
2019-04-04 17:56:37.857347|INFO    |VirtualServer |1  |permission 'i_needed_modify_power_channel_create_modify_with_codec_celtmono48'(id:32861) with values (value:75, negated:0, skipchannel:0) was added by 'J. Downs'(id:2) to servergroup 'Moderator'(id:9)
2019-04-04 17:56:37.857467|INFO    |VirtualServer |1  |permission 'i_needed_modify_power_channel_create_with_default'(id:32869) with values (value:75, negated:0, skipchannel:0) was added by 'J. Downs'(id:2) to servergroup 'Moderator'(id:9)
2019-04-04 17:56:37.857573|INFO    |VirtualServer |1  |permission 'i_needed_modify_power_channel_max_depth'(id:32846) with values (value:75, negated:0, skipchannel:0) was added by 'J. Downs'(id:2) to servergroup 'Moderator'(id:9)
2019-04-04 17:56:37.857680|INFO    |VirtualServer |1  |permission 'i_needed_modify_power_channel_create_with_sortorder'(id:32868) with values (value:75, negated:0, skipchannel:0) was added by 'J. Downs'(id:2) to servergroup 'Moderator'(id:9)
2019-04-04 17:56:37.857798|INFO    |VirtualServer |1  |permission 'i_needed_modify_power_channel_delete_power'(id:32897) with values (value:75, negated:0, skipchannel:0) was added by 'J. Downs'(id:2) to servergroup 'Moderator'(id:9)
2019-04-04 17:56:37.857906|INFO    |VirtualServer |1  |permission 'i_needed_modify_power_channel_delete_permanent'(id:32893) with values (value:75, negated:0, skipchannel:0) was added by 'J. Downs'(id:2) to servergroup 'Moderator'(id:9)
2019-04-04 17:56:37.858021|INFO    |VirtualServer |1  |permission 'i_needed_modify_power_channel_delete_semi_permanent'(id:32894) with values (value:75, negated:0, skipchannel:0) was added by 'J. Downs'(id:2) to servergroup 'Moderator'(id:9)
2019-04-04 17:56:37.858141|INFO    |VirtualServer |1  |permission 'i_needed_modify_power_channel_delete_temporary'(id:32895) with values (value:75, negated:0, skipchannel:0) was added by 'J. Downs'(id:2) to servergroup 'Moderator'(id:9)
2019-04-04 17:56:37.858252|INFO    |VirtualServer |1  |permission 'i_needed_modify_power_channel_delete_flag_force'(id:32896) with values (value:75, negated:0, skipchannel:0) was added by 'J. Downs'(id:2) to servergroup 'Moderator'(id:9)
2019-04-04 17:56:37.858366|INFO    |VirtualServer |1  |permission 'i_needed_modify_power_client_max_avatar_filesize'(id:32943) with values (value:75, negated:0, skipchannel:0) was added by 'J. Downs'(id:2) to servergroup 'Moderator'(id:9)
2019-04-04 17:56:37.858479|INFO    |VirtualServer |1  |permission 'i_needed_modify_power_client_use_channel_commander'(id:32952) with values (value:75, negated:0, skipchannel:0) was added by 'J. Downs'(id:2) to servergroup 'Moderator'(id:9)
2019-04-04 17:56:37.858585|INFO    |VirtualServer |1  |permission 'i_needed_modify_power_client_max_channel_subscriptions'(id:32944) with values (value:75, negated:0, skipchannel:0) was added by 'J. Downs'(id:2) to servergroup 'Moderator'(id:9)
2019-04-04 17:56:37.858691|INFO    |VirtualServer |1  |permission 'i_needed_modify_power_channel_subscribe_power'(id:32906) with values (value:75, negated:0, skipchannel:0) was added by 'J. Downs'(id:2) to servergroup 'Moderator'(id:9)
2019-04-04 17:56:37.858806|INFO    |VirtualServer |1  |permission 'i_needed_modify_power_client_private_textmessage_power'(id:32982) with values (value:75, negated:0, skipchannel:0) was added by 'J. Downs'(id:2) to servergroup 'Moderator'(id:9)
2019-04-04 17:56:37.858922|INFO    |VirtualServer |1  |permission 'i_needed_modify_power_client_server_textmessage_send'(id:32984) with values (value:75, negated:0, skipchannel:0) was added by 'J. Downs'(id:2) to servergroup 'Moderator'(id:9)
2019-04-04 17:56:37.859032|INFO    |VirtualServer |1  |permission 'i_needed_modify_power_client_channel_textmessage_send'(id:32985) with values (value:75, negated:0, skipchannel:0) was added by 'J. Downs'(id:2) to servergroup 'Moderator'(id:9)
2019-04-04 17:56:37.859140|INFO    |VirtualServer |1  |permission 'i_needed_modify_power_client_offline_textmessage_send'(id:32986) with values (value:75, negated:0, skipchannel:0) was added by 'J. Downs'(id:2) to servergroup 'Moderator'(id:9)
2019-04-04 17:56:37.859249|INFO    |VirtualServer |1  |permission 'i_needed_modify_power_ft_file_delete_power'(id:33005) with values (value:75, negated:0, skipchannel:0) was added by 'J. Downs'(id:2) to servergroup 'Moderator'(id:9)
2019-04-04 17:56:37.859376|INFO    |VirtualServer |1  |permission 'i_needed_modify_power_ft_file_rename_power'(id:33007) with values (value:75, negated:0, skipchannel:0) was added by 'J. Downs'(id:2) to servergroup 'Moderator'(id:9)
2019-04-04 17:56:37.859499|INFO    |VirtualServer |1  |permission 'i_needed_modify_power_ft_directory_create_power'(id:33011) with values (value:75, negated:0, skipchannel:0) was added by 'J. Downs'(id:2) to servergroup 'Moderator'(id:9)
2019-04-04 17:56:37.859620|INFO    |VirtualServer |1  |permission 'i_needed_modify_power_ft_ignore_password'(id:32999) with values (value:75, negated:0, skipchannel:0) was added by 'J. Downs'(id:2) to servergroup 'Moderator'(id:9)
2019-04-04 17:56:37.859743|INFO    |VirtualServer |1  |permission 'i_needed_modify_power_ft_file_upload_power'(id:33001) with values (value:75, negated:0, skipchannel:0) was added by 'J. Downs'(id:2) to servergroup 'Moderator'(id:9)
2019-04-04 17:56:37.859855|INFO    |VirtualServer |1  |permission 'i_needed_modify_power_ft_quota_mb_upload_per_client'(id:33014) with values (value:75, negated:0, skipchannel:0) was added by 'J. Downs'(id:2) to servergroup 'Moderator'(id:9)
2019-04-04 17:56:37.859964|INFO    |VirtualServer |1  |permission 'i_needed_modify_power_ft_file_download_power'(id:33003) with values (value:75, negated:0, skipchannel:0) was added by 'J. Downs'(id:2) to servergroup 'Moderator'(id:9)
2019-04-04 17:56:37.860071|INFO    |VirtualServer |1  |permission 'i_needed_modify_power_ft_quota_mb_download_per_client'(id:33013) with values (value:75, negated:0, skipchannel:0) was added by 'J. Downs'(id:2) to servergroup 'Moderator'(id:9)
2019-04-04 17:56:37.860179|INFO    |VirtualServer |1  |permission 'i_needed_modify_power_ft_file_browse_power'(id:33009) with values (value:75, negated:0, skipchannel:0) was added by 'J. Downs'(id:2) to servergroup 'Moderator'(id:9)
2019-04-04 17:56:37.860287|INFO    |VirtualServer |1  |permission 'i_needed_modify_power_channel_modify_make_permanent'(id:32875) with values (value:75, negated:0, skipchannel:0) was added by 'J. Downs'(id:2) to servergroup 'Moderator'(id:9)
2019-04-04 17:56:37.860395|INFO    |VirtualServer |1  |permission 'i_needed_modify_power_channel_modify_make_default'(id:32874) with values (value:75, negated:0, skipchannel:0) was added by 'J. Downs'(id:2) to servergroup 'Moderator'(id:9)
2019-04-04 17:56:37.860502|INFO    |VirtualServer |1  |permission 'i_needed_modify_power_channel_modify_make_semi_permanent'(id:32876) with values (value:75, negated:0, skipchannel:0) was added by 'J. Downs'(id:2) to servergroup 'Moderator'(id:9)
2019-04-04 17:56:37.860610|INFO    |VirtualServer |1  |permission 'i_needed_modify_power_channel_modify_make_temporary'(id:32877) with values (value:75, negated:0, skipchannel:0) was added by 'J. Downs'(id:2) to servergroup 'Moderator'(id:9)
2019-04-04 17:59:57.542215|INFO    |VirtualServer |1  |permission 'i_icon_id'(id:142) with values (value:1404323408, negated:0, skipchannel:0) was added by 'J. Downs'(id:2) to servergroup 'Moderator'(id:9)
2019-04-04 18:00:02.926845|INFO    |VirtualServer |1  |permission 'i_icon_id'(id:142) with values (value:-1527968303, negated:0, skipchannel:0) was added by 'J. Downs'(id:2) to servergroup 'Server Admin'(id:6)
2019-04-04 18:00:08.578894|INFO    |VirtualServer |1  |permission 'i_icon_id'(id:142) with values (value:1057632888, negated:0, skipchannel:0) was added by 'J. Downs'(id:2) to servergroup 'Normal'(id:7)
2019-04-04 18:00:15.108676|INFO    |VirtualServer |1  |permission 'i_icon_id'(id:142) with values (value:1750792869) was added by 'J. Downs'(id:2) to channelgroup 'Channel Admin'(id:5)
2019-04-04 18:00:23.885238|INFO    |VirtualServer |1  |permission 'i_icon_id'(id:142) with values (value:1198255738) was added by 'J. Downs'(id:2) to channelgroup 'Operator'(id:6)
2019-04-04 18:00:29.737564|INFO    |VirtualServer |1  |channelgroup 'Operator'(id:6) was deleted by 'J. Downs'(id:2)
2019-04-04 18:00:44.655191|INFO    |VirtualServer |1  |permission 'i_icon_id'(id:142) with values (value:-269852102) was added by 'J. Downs'(id:2) to channelgroup 'Voice'(id:7)
2019-04-04 18:01:10.031853|INFO    |VirtualServer |1  |servergroup 'Normal'(id:7) was renamed to 'Registered' by 'J. Downs'(id:2)
2019-04-04 18:01:26.299287|INFO    |VirtualServer |1  |client 'J. Downs'(id:2) added privilege key for servergroup 'Server Admin'(id:6)
2019-04-04 18:01:39.268620|INFO    |VirtualServer |1  |client 'J. Downs'(id:2) added privilege key for servergroup 'Server Admin'(id:6)
2019-04-04 18:02:17.510199|INFO    |VirtualServer |1  |permission 'i_group_member_add_power'(id:163) with values (value:50, negated:0, skipchannel:0) was added by 'J. Downs'(id:2) to servergroup 'Moderator'(id:9)
2019-04-04 18:02:17.510849|INFO    |VirtualServer |1  |permission 'i_group_member_remove_power'(id:165) with values (value:50, negated:0, skipchannel:0) was added by 'J. Downs'(id:2) to servergroup 'Moderator'(id:9)
2019-04-04 18:02:28.548782|INFO    |VirtualServer |1  |permission 'i_needed_modify_power_client_ban_create'(id:32978) was deleted by 'J. Downs'(id:2) from servergroup 'Moderator'(id:9)
2019-04-04 18:02:28.549204|INFO    |VirtualServer |1  |permission 'i_needed_modify_power_client_ban_delete'(id:32980) was deleted by 'J. Downs'(id:2) from servergroup 'Moderator'(id:9)
2019-04-04 18:02:28.549607|INFO    |VirtualServer |1  |permission 'b_client_ban_create'(id:210) was deleted by 'J. Downs'(id:2) from servergroup 'Moderator'(id:9)
2019-04-04 18:02:28.549995|INFO    |VirtualServer |1  |permission 'b_client_ban_delete'(id:212) was deleted by 'J. Downs'(id:2) from servergroup 'Moderator'(id:9)
2019-04-04 18:02:29.458245|INFO    |VirtualServer |1  |permission 'i_client_move_power'(id:202) with values (value:60, negated:0, skipchannel:0) was added by 'J. Downs'(id:2) to servergroup 'Moderator'(id:9)
2019-04-04 18:02:29.458737|INFO    |VirtualServer |1  |permission 'i_client_kick_from_channel_power'(id:198) with values (value:60, negated:0, skipchannel:0) was added by 'J. Downs'(id:2) to servergroup 'Moderator'(id:9)
2019-04-04 18:02:29.459215|INFO    |VirtualServer |1  |permission 'i_client_ban_power'(id:200) with values (value:60, negated:0, skipchannel:0) was added by 'J. Downs'(id:2) to servergroup 'Moderator'(id:9)
2019-04-04 18:02:29.459799|INFO    |VirtualServer |1  |permission 'i_client_kick_from_server_power'(id:196) with values (value:60, negated:0, skipchannel:0) was added by 'J. Downs'(id:2) to servergroup 'Moderator'(id:9)
2019-04-04 18:02:58.108270|INFO    |VirtualServer |1  |permission 'b_channel_delete_semi_permanent'(id:126) was deleted by 'J. Downs'(id:2) from servergroup 'Moderator'(id:9)
2019-04-04 18:02:58.108685|INFO    |VirtualServer |1  |permission 'b_channel_delete_temporary'(id:127) was deleted by 'J. Downs'(id:2) from servergroup 'Moderator'(id:9)
2019-04-04 18:02:58.109091|INFO    |VirtualServer |1  |permission 'b_channel_delete_permanent'(id:125) was deleted by 'J. Downs'(id:2) from servergroup 'Moderator'(id:9)
2019-04-04 18:02:58.109482|INFO    |VirtualServer |1  |permission 'b_channel_modify_make_default'(id:106) was deleted by 'J. Downs'(id:2) from servergroup 'Moderator'(id:9)
2019-04-04 18:02:58.109866|INFO    |VirtualServer |1  |permission 'b_channel_modify_make_permanent'(id:107) was deleted by 'J. Downs'(id:2) from servergroup 'Moderator'(id:9)
2019-04-04 18:02:58.110240|INFO    |VirtualServer |1  |permission 'b_channel_modify_make_semi_permanent'(id:108) was deleted by 'J. Downs'(id:2) from servergroup 'Moderator'(id:9)
2019-04-04 18:02:58.110620|INFO    |VirtualServer |1  |permission 'b_channel_modify_make_temporary'(id:109) was deleted by 'J. Downs'(id:2) from servergroup 'Moderator'(id:9)
2019-04-04 18:02:58.110991|INFO    |VirtualServer |1  |permission 'b_channel_create_with_maxclients'(id:98) was deleted by 'J. Downs'(id:2) from servergroup 'Moderator'(id:9)
2019-04-04 18:02:58.111365|INFO    |VirtualServer |1  |permission 'b_channel_create_with_maxfamilyclients'(id:99) was deleted by 'J. Downs'(id:2) from servergroup 'Moderator'(id:9)
2019-04-04 18:02:58.111744|INFO    |VirtualServer |1  |permission 'i_channel_create_modify_with_codec_maxquality'(id:96) was deleted by 'J. Downs'(id:2) from servergroup 'Moderator'(id:9)
2019-04-04 18:02:58.112121|INFO    |VirtualServer |1  |permission 'i_channel_create_modify_with_codec_latency_factor_min'(id:97) was deleted by 'J. Downs'(id:2) from servergroup 'Moderator'(id:9)
2019-04-04 18:02:58.112484|INFO    |VirtualServer |1  |permission 'b_channel_create_with_needed_talk_power'(id:102) was deleted by 'J. Downs'(id:2) from servergroup 'Moderator'(id:9)
2019-04-04 18:02:58.112854|INFO    |VirtualServer |1  |permission 'b_channel_create_with_sortorder'(id:100) was deleted by 'J. Downs'(id:2) from servergroup 'Moderator'(id:9)
2019-04-04 18:02:58.113230|INFO    |VirtualServer |1  |permission 'b_channel_create_with_default'(id:101) was deleted by 'J. Downs'(id:2) from servergroup 'Moderator'(id:9)
2019-04-04 18:02:58.113602|INFO    |VirtualServer |1  |permission 'i_needed_modify_power_channel_delete_flag_force'(id:32896) was deleted by 'J. Downs'(id:2) from servergroup 'Moderator'(id:9)
2019-04-04 18:02:58.113957|INFO    |VirtualServer |1  |permission 'i_needed_modify_power_client_ignore_bans'(id:32948) was deleted by 'J. Downs'(id:2) from servergroup 'Moderator'(id:9)
2019-04-04 18:02:58.114314|INFO    |VirtualServer |1  |permission 'i_needed_modify_power_client_ban_delete_own'(id:32979) was deleted by 'J. Downs'(id:2) from servergroup 'Moderator'(id:9)
2019-04-04 18:02:58.114668|INFO    |VirtualServer |1  |permission 'i_needed_modify_power_client_ban_list'(id:32977) was deleted by 'J. Downs'(id:2) from servergroup 'Moderator'(id:9)
2019-04-04 18:02:58.115032|INFO    |VirtualServer |1  |permission 'i_needed_modify_power_client_ban_max_bantime'(id:32981) was deleted by 'J. Downs'(id:2) from servergroup 'Moderator'(id:9)
2019-04-04 18:02:58.115378|INFO    |VirtualServer |1  |permission 'b_channel_delete_flag_force'(id:128) was deleted by 'J. Downs'(id:2) from servergroup 'Moderator'(id:9)
2019-04-04 18:02:58.115733|INFO    |VirtualServer |1  |permission 'b_client_ignore_bans'(id:180) was deleted by 'J. Downs'(id:2) from servergroup 'Moderator'(id:9)
2019-04-04 18:02:58.116090|INFO    |VirtualServer |1  |permission 'b_client_ban_delete_own'(id:211) was deleted by 'J. Downs'(id:2) from servergroup 'Moderator'(id:9)
2019-04-04 18:02:58.116450|INFO    |VirtualServer |1  |permission 'b_client_ban_list'(id:209) was deleted by 'J. Downs'(id:2) from servergroup 'Moderator'(id:9)
2019-04-04 18:02:58.116807|INFO    |VirtualServer |1  |permission 'i_client_ban_max_bantime'(id:213) was deleted by 'J. Downs'(id:2) from servergroup 'Moderator'(id:9)
2019-04-04 18:02:58.117160|INFO    |VirtualServer |1  |permission 'i_needed_modify_power_channel_create_modify_with_codec_speex8'(id:32858) was deleted by 'J. Downs'(id:2) from servergroup 'Moderator'(id:9)
2019-04-04 18:02:58.117531|INFO    |VirtualServer |1  |permission 'i_needed_modify_power_channel_create_modify_with_codec_speex16'(id:32859) was deleted by 'J. Downs'(id:2) from servergroup 'Moderator'(id:9)
2019-04-04 18:02:58.117891|INFO    |VirtualServer |1  |permission 'i_needed_modify_power_channel_create_with_description'(id:32856) was deleted by 'J. Downs'(id:2) from servergroup 'Moderator'(id:9)
2019-04-04 18:02:58.118240|INFO    |VirtualServer |1  |permission 'i_needed_modify_power_channel_create_with_password'(id:32857) was deleted by 'J. Downs'(id:2) from servergroup 'Moderator'(id:9)
2019-04-04 18:02:58.118593|INFO    |VirtualServer |1  |permission 'i_needed_modify_power_channel_create_modify_with_codec_speex32'(id:32860) was deleted by 'J. Downs'(id:2) from servergroup 'Moderator'(id:9)
2019-04-04 18:02:58.118958|INFO    |VirtualServer |1  |permission 'i_needed_modify_power_channel_create_modify_with_codec_celtmono48'(id:32861) was deleted by 'J. Downs'(id:2) from servergroup 'Moderator'(id:9)
2019-04-04 18:02:58.119314|INFO    |VirtualServer |1  |permission 'i_needed_modify_power_channel_create_child'(id:32851) was deleted by 'J. Downs'(id:2) from servergroup 'Moderator'(id:9)
2019-04-04 18:02:58.119661|INFO    |VirtualServer |1  |permission 'i_needed_modify_power_channel_create_temporary'(id:32854) was deleted by 'J. Downs'(id:2) from servergroup 'Moderator'(id:9)
2019-04-04 18:02:58.120013|INFO    |VirtualServer |1  |permission 'i_needed_modify_power_channel_create_with_topic'(id:32855) was deleted by 'J. Downs'(id:2) from servergroup 'Moderator'(id:9)
2019-04-04 18:02:58.120366|INFO    |VirtualServer |1  |permission 'i_needed_modify_power_channel_create_permanent'(id:32852) was deleted by 'J. Downs'(id:2) from servergroup 'Moderator'(id:9)
2019-04-04 18:02:58.120751|INFO    |VirtualServer |1  |permission 'i_needed_modify_power_channel_create_semi_permanent'(id:32853) was deleted by 'J. Downs'(id:2) from servergroup 'Moderator'(id:9)
2019-04-04 18:02:58.121118|INFO    |VirtualServer |1  |permission 'i_needed_modify_power_channel_max_depth'(id:32846) was deleted by 'J. Downs'(id:2) from servergroup 'Moderator'(id:9)
2019-04-04 18:02:58.121475|INFO    |VirtualServer |1  |permission 'i_needed_modify_power_channel_delete_semi_permanent'(id:32894) was deleted by 'J. Downs'(id:2) from servergroup 'Moderator'(id:9)
2019-04-04 18:02:58.121836|INFO    |VirtualServer |1  |permission 'i_needed_modify_power_channel_delete_temporary'(id:32895) was deleted by 'J. Downs'(id:2) from servergroup 'Moderator'(id:9)
2019-04-04 18:02:58.122227|INFO    |VirtualServer |1  |permission 'i_needed_modify_power_channel_delete_permanent'(id:32893) was deleted by 'J. Downs'(id:2) from servergroup 'Moderator'(id:9)
2019-04-04 18:02:58.122585|INFO    |VirtualServer |1  |permission 'i_needed_modify_power_channel_modify_make_default'(id:32874) was deleted by 'J. Downs'(id:2) from servergroup 'Moderator'(id:9)
2019-04-04 18:02:58.122945|INFO    |VirtualServer |1  |permission 'i_needed_modify_power_channel_modify_make_permanent'(id:32875) was deleted by 'J. Downs'(id:2) from servergroup 'Moderator'(id:9)
2019-04-04 18:02:58.123300|INFO    |VirtualServer |1  |permission 'i_needed_modify_power_channel_modify_make_semi_permanent'(id:32876) was deleted by 'J. Downs'(id:2) from servergroup 'Moderator'(id:9)
2019-04-04 18:02:58.123656|INFO    |VirtualServer |1  |permission 'b_channel_create_modify_with_codec_speex8'(id:90) was deleted by 'J. Downs'(id:2) from servergroup 'Moderator'(id:9)
2019-04-04 18:02:58.124008|INFO    |VirtualServer |1  |permission 'i_needed_modify_power_channel_modify_make_temporary'(id:32877) was deleted by 'J. Downs'(id:2) from servergroup 'Moderator'(id:9)
2019-04-04 18:02:58.124364|INFO    |VirtualServer |1  |permission 'b_channel_create_modify_with_codec_speex16'(id:91) was deleted by 'J. Downs'(id:2) from servergroup 'Moderator'(id:9)
2019-04-04 18:02:58.124729|INFO    |VirtualServer |1  |permission 'i_needed_modify_power_channel_create_with_maxclients'(id:32866) was deleted by 'J. Downs'(id:2) from servergroup 'Moderator'(id:9)
2019-04-04 18:02:58.125108|INFO    |VirtualServer |1  |permission 'b_channel_create_with_description'(id:88) was deleted by 'J. Downs'(id:2) from servergroup 'Moderator'(id:9)
2019-04-04 18:02:58.125461|INFO    |VirtualServer |1  |permission 'i_needed_modify_power_channel_create_with_maxfamilyclients'(id:32867) was deleted by 'J. Downs'(id:2) from servergroup 'Moderator'(id:9)
2019-04-04 18:02:58.125819|INFO    |VirtualServer |1  |permission 'b_channel_create_with_password'(id:89) was deleted by 'J. Downs'(id:2) from servergroup 'Moderator'(id:9)
2019-04-04 18:02:58.126176|INFO    |VirtualServer |1  |permission 'i_needed_modify_power_channel_create_modify_with_codec_maxquality'(id:32864) was deleted by 'J. Downs'(id:2) from servergroup 'Moderator'(id:9)
2019-04-04 18:02:58.126529|INFO    |VirtualServer |1  |permission 'i_needed_modify_power_channel_create_modify_with_codec_latency_factor_min'(id:32865) was deleted by 'J. Downs'(id:2) from servergroup 'Moderator'(id:9)
2019-04-04 18:02:58.126880|INFO    |VirtualServer |1  |permission 'i_needed_modify_power_channel_create_with_needed_talk_power'(id:32870) was deleted by 'J. Downs'(id:2) from servergroup 'Moderator'(id:9)
2019-04-04 18:02:58.127236|INFO    |VirtualServer |1  |permission 'b_channel_create_modify_with_codec_speex32'(id:92) was deleted by 'J. Downs'(id:2) from servergroup 'Moderator'(id:9)
2019-04-04 18:02:58.127593|INFO    |VirtualServer |1  |permission 'b_channel_create_modify_with_codec_celtmono48'(id:93) was deleted by 'J. Downs'(id:2) from servergroup 'Moderator'(id:9)
2019-04-04 18:02:58.127948|INFO    |VirtualServer |1  |permission 'i_needed_modify_power_channel_create_with_sortorder'(id:32868) was deleted by 'J. Downs'(id:2) from servergroup 'Moderator'(id:9)
2019-04-04 18:02:58.128294|INFO    |VirtualServer |1  |permission 'i_needed_modify_power_channel_create_with_default'(id:32869) was deleted by 'J. Downs'(id:2) from servergroup 'Moderator'(id:9)
2019-04-04 18:02:58.128648|INFO    |VirtualServer |1  |permission 'b_channel_create_child'(id:83) was deleted by 'J. Downs'(id:2) from servergroup 'Moderator'(id:9)
2019-04-04 18:02:58.129015|INFO    |VirtualServer |1  |permission 'b_channel_create_temporary'(id:86) was deleted by 'J. Downs'(id:2) from servergroup 'Moderator'(id:9)
2019-04-04 18:02:58.129382|INFO    |VirtualServer |1  |permission 'b_channel_create_with_topic'(id:87) was deleted by 'J. Downs'(id:2) from servergroup 'Moderator'(id:9)
2019-04-04 18:02:58.129738|INFO    |VirtualServer |1  |permission 'b_channel_create_permanent'(id:84) was deleted by 'J. Downs'(id:2) from servergroup 'Moderator'(id:9)
2019-04-04 18:02:58.130091|INFO    |VirtualServer |1  |permission 'b_channel_create_semi_permanent'(id:85) was deleted by 'J. Downs'(id:2) from servergroup 'Moderator'(id:9)
2019-04-04 18:02:58.130437|INFO    |VirtualServer |1  |permission 'i_channel_max_depth'(id:78) was deleted by 'J. Downs'(id:2) from servergroup 'Moderator'(id:9)
2019-04-04 18:02:59.037538|INFO    |VirtualServer |1  |permission 'i_client_ban_power'(id:200) with values (value:0, negated:0, skipchannel:0) was added by 'J. Downs'(id:2) to servergroup 'Moderator'(id:9)
2019-04-04 18:02:59.038027|INFO    |VirtualServer |1  |permission 'i_client_kick_from_server_power'(id:196) with values (value:0, negated:0, skipchannel:0) was added by 'J. Downs'(id:2) to servergroup 'Moderator'(id:9)
2019-04-04 18:03:05.948809|INFO    |VirtualServer |1  |permission 'i_needed_modify_power_max_icon_filesize'(id:32911) was deleted by 'J. Downs'(id:2) from servergroup 'Moderator'(id:9)
2019-04-04 18:03:05.949189|INFO    |VirtualServer |1  |permission 'i_needed_modify_power_virtualserver_channelgroup_delete'(id:32938) was deleted by 'J. Downs'(id:2) from servergroup 'Moderator'(id:9)
2019-04-04 18:03:05.949553|INFO    |VirtualServer |1  |permission 'i_needed_modify_power_virtualserver_servergroup_delete'(id:32937) was deleted by 'J. Downs'(id:2) from servergroup 'Moderator'(id:9)
2019-04-04 18:03:05.949910|INFO    |VirtualServer |1  |permission 'i_needed_modify_power_virtualserver_channelgroup_create'(id:32928) was deleted by 'J. Downs'(id:2) from servergroup 'Moderator'(id:9)
2019-04-04 18:03:05.950266|INFO    |VirtualServer |1  |permission 'b_virtualserver_servergroup_create'(id:159) was deleted by 'J. Downs'(id:2) from servergroup 'Moderator'(id:9)
2019-04-04 18:03:05.950606|INFO    |VirtualServer |1  |permission 'b_icon_manage'(id:144) was deleted by 'J. Downs'(id:2) from servergroup 'Moderator'(id:9)
2019-04-04 18:03:05.950946|INFO    |VirtualServer |1  |permission 'i_max_icon_filesize'(id:143) was deleted by 'J. Downs'(id:2) from servergroup 'Moderator'(id:9)
2019-04-04 18:03:05.951296|INFO    |VirtualServer |1  |permission 'b_virtualserver_channelgroup_delete'(id:170) was deleted by 'J. Downs'(id:2) from servergroup 'Moderator'(id:9)
2019-04-04 18:03:05.951750|INFO    |VirtualServer |1  |permission 'b_virtualserver_servergroup_delete'(id:169) was deleted by 'J. Downs'(id:2) from servergroup 'Moderator'(id:9)
2019-04-04 18:03:05.952102|INFO    |VirtualServer |1  |permission 'b_virtualserver_channelgroup_create'(id:160) was deleted by 'J. Downs'(id:2) from servergroup 'Moderator'(id:9)
2019-04-04 18:03:05.952446|INFO    |VirtualServer |1  |permission 'i_needed_modify_power_virtualserver_servergroup_create'(id:32927) was deleted by 'J. Downs'(id:2) from servergroup 'Moderator'(id:9)
2019-04-04 18:03:05.952817|INFO    |VirtualServer |1  |permission 'i_needed_modify_power_icon_manage'(id:32912) was deleted by 'J. Downs'(id:2) from servergroup 'Moderator'(id:9)
2019-04-04 18:03:23.900524|INFO    |VirtualServer |1  |permission 'b_virtualserver_modify_password'(id:51) was deleted by 'J. Downs'(id:2) from servergroup 'Moderator'(id:9)
2019-04-04 18:03:23.900916|INFO    |VirtualServer |1  |permission 'b_virtualserver_modify_welcomemessage'(id:48) was deleted by 'J. Downs'(id:2) from servergroup 'Moderator'(id:9)
2019-04-04 18:03:23.901287|INFO    |VirtualServer |1  |permission 'b_virtualserver_join_ignore_password'(id:41) was deleted by 'J. Downs'(id:2) from servergroup 'Moderator'(id:9)
2019-04-04 18:03:23.901643|INFO    |VirtualServer |1  |permission 'b_virtualserver_modify_name'(id:47) was deleted by 'J. Downs'(id:2) from servergroup 'Moderator'(id:9)
2019-04-04 18:03:23.901989|INFO    |VirtualServer |1  |permission 'b_virtualserver_modify_nickname'(id:75) was deleted by 'J. Downs'(id:2) from servergroup 'Moderator'(id:9)
2019-04-04 18:03:23.902377|INFO    |VirtualServer |1  |permission 'b_virtualserver_modify_weblist'(id:70) was deleted by 'J. Downs'(id:2) from servergroup 'Moderator'(id:9)
2019-04-04 18:03:23.902764|INFO    |VirtualServer |1  |permission 'b_virtualserver_modify_codec_encryption_mode'(id:71) was deleted by 'J. Downs'(id:2) from servergroup 'Moderator'(id:9)
2019-04-04 18:03:23.903101|INFO    |VirtualServer |1  |permission 'b_virtualserver_modify_icon_id'(id:69) was deleted by 'J. Downs'(id:2) from servergroup 'Moderator'(id:9)
2019-04-04 18:03:23.903444|INFO    |VirtualServer |1  |permission 'i_needed_modify_power_virtualserver_modify_password'(id:32819) was deleted by 'J. Downs'(id:2) from servergroup 'Moderator'(id:9)
2019-04-04 18:03:23.903813|INFO    |VirtualServer |1  |permission 'i_needed_modify_power_virtualserver_modify_welcomemessage'(id:32816) was deleted by 'J. Downs'(id:2) from servergroup 'Moderator'(id:9)
2019-04-04 18:03:23.904155|INFO    |VirtualServer |1  |permission 'i_needed_modify_power_virtualserver_join_ignore_password'(id:32809) was deleted by 'J. Downs'(id:2) from servergroup 'Moderator'(id:9)
2019-04-04 18:03:23.904483|INFO    |VirtualServer |1  |permission 'i_needed_modify_power_virtualserver_modify_name'(id:32815) was deleted by 'J. Downs'(id:2) from servergroup 'Moderator'(id:9)
2019-04-04 18:03:23.904821|INFO    |VirtualServer |1  |permission 'i_needed_modify_power_virtualserver_modify_nickname'(id:32843) was deleted by 'J. Downs'(id:2) from servergroup 'Moderator'(id:9)
2019-04-04 18:03:23.905148|INFO    |VirtualServer |1  |permission 'i_needed_modify_power_virtualserver_modify_weblist'(id:32838) was deleted by 'J. Downs'(id:2) from servergroup 'Moderator'(id:9)
2019-04-04 18:03:23.905480|INFO    |VirtualServer |1  |permission 'i_needed_modify_power_virtualserver_modify_codec_encryption_mode'(id:32839) was deleted by 'J. Downs'(id:2) from servergroup 'Moderator'(id:9)
2019-04-04 18:03:23.905829|INFO    |VirtualServer |1  |permission 'i_needed_modify_power_virtualserver_modify_icon_id'(id:32837) was deleted by 'J. Downs'(id:2) from servergroup 'Moderator'(id:9)
2019-04-04 18:05:38.927623|INFO    |VirtualServer |1  |client 'J. Downs'(id:2) changed default channelgroup to 'Voice'(id:7)
2019-04-04 18:05:59.790661|INFO    |VirtualServerBase|1  |server was edited by 'J. Downs'(id:2)
2019-04-04 18:09:23.802611|INFO    |VirtualServerBase|1  |client connected 'A. Black'(id:4) from 82.25.56.123:50668
2019-04-04 18:09:24.629273|INFO    |VirtualServerBase|1  |file download from (id:0), '/icon_4025115194' by client 'A. Black'(id:4)
2019-04-04 18:09:24.634313|INFO    |VirtualServerBase|1  |file download from (id:0), '/icon_2766998993' by client 'A. Black'(id:4)
2019-04-04 18:09:32.194501|INFO    |VirtualServerBase|1  |server was edited by 'J. Downs'(id:2)
2019-04-04 18:09:41.833751|INFO    |VirtualServerBase|1  |file download from (id:0), '/icon_1057632888' by client 'A. Black'(id:4)
2019-04-04 18:09:41.833822|INFO    |VirtualServerBase|1  |file download from (id:0), '/icon_1404323408' by client 'A. Black'(id:4)
2019-04-04 18:09:41.886079|INFO    |VirtualServerBase|1  |file download from (id:0), '/icon_1750792869' by client 'A. Black'(id:4)
2019-04-04 18:09:53.747522|INFO    |VirtualServer |1  |client (id:4) was added to servergroup 'Server Admin'(id:6) by client 'server'(id:0)
2019-04-04 18:09:53.747957|INFO    |VirtualServer |1  |client 'A. Black'(id:4) used privilege key 'IjfgzyiQS2HXjmvwTQR0fjL9536TM46GcpEFNVZ0' and was added to servergroup 'Server Admin'(id:6)
2019-04-04 18:14:26.497005|INFO    |VirtualServer |1  |permission 'i_client_move_power'(id:202) with values (value:0) was added by 'J. Downs'(id:2) to channelgroup 'Channel Admin'(id:5)
2019-04-04 18:14:26.497248|INFO    |VirtualServer |1  |permission 'i_client_kick_from_channel_power'(id:198) with values (value:60) was added by 'J. Downs'(id:2) to channelgroup 'Channel Admin'(id:5)
2019-04-04 18:14:26.497367|INFO    |VirtualServer |1  |permission 'i_client_ban_power'(id:200) with values (value:0) was added by 'J. Downs'(id:2) to channelgroup 'Channel Admin'(id:5)
2019-04-04 18:14:26.497481|INFO    |VirtualServer |1  |permission 'i_client_kick_from_server_power'(id:196) with values (value:0) was added by 'J. Downs'(id:2) to channelgroup 'Channel Admin'(id:5)
2019-04-04 18:14:26.497746|INFO    |VirtualServer |1  |permission 'i_channel_delete_power'(id:129) with values (value:60) was added by 'J. Downs'(id:2) to channelgroup 'Channel Admin'(id:5)
2019-04-04 18:15:05.733902|INFO    |VirtualServer |1  |permission 'i_needed_modify_power_client_is_priority_speaker'(id:32945) with values (value:25) was added by 'J. Downs'(id:2) to channelgroup 'Channel Admin'(id:5)
2019-04-04 18:15:05.734110|INFO    |VirtualServer |1  |permission 'i_permission_modify_power'(id:167) with values (value:0) was added by 'J. Downs'(id:2) to channelgroup 'Channel Admin'(id:5)
2019-04-04 18:15:14.522726|INFO    |VirtualServer |1  |permission 'b_channel_delete_temporary'(id:127) was deleted by 'J. Downs'(id:2) from channelgroup 'Channel Admin'(id:5)
2019-04-04 18:15:14.522882|INFO    |VirtualServer |1  |permission 'b_channel_delete_flag_force'(id:128) was deleted by 'J. Downs'(id:2) from channelgroup 'Channel Admin'(id:5)
2019-04-04 18:15:14.523067|INFO    |VirtualServer |1  |permission 'b_channel_delete_semi_permanent'(id:126) was deleted by 'J. Downs'(id:2) from channelgroup 'Channel Admin'(id:5)
2019-04-04 18:15:33.732787|INFO    |VirtualServerBase|1  |channel 'Landing'(id:1) edited by 'A. Black'(id:4)
2019-04-04 18:15:35.598592|INFO    |VirtualServer |1  |permission 'i_group_member_add_power'(id:163) with values (value:25) was added by 'J. Downs'(id:2) to channelgroup 'Channel Admin'(id:5)
2019-04-04 18:15:35.598833|INFO    |VirtualServer |1  |permission 'i_group_member_remove_power'(id:165) with values (value:25) was added by 'J. Downs'(id:2) to channelgroup 'Channel Admin'(id:5)
2019-04-04 18:16:02.141761|INFO    |VirtualServer |1  |permission 'b_channel_create_modify_with_codec_speex8'(id:90) was deleted by 'J. Downs'(id:2) from servergroup 'Guest'(id:8)
2019-04-04 18:16:02.142140|INFO    |VirtualServer |1  |permission 'b_channel_create_modify_with_codec_speex16'(id:91) was deleted by 'J. Downs'(id:2) from servergroup 'Guest'(id:8)
2019-04-04 18:16:02.142492|INFO    |VirtualServer |1  |permission 'b_channel_create_with_password'(id:89) was deleted by 'J. Downs'(id:2) from servergroup 'Guest'(id:8)
2019-04-04 18:16:02.142838|INFO    |VirtualServer |1  |permission 'b_channel_create_temporary'(id:86) was deleted by 'J. Downs'(id:2) from servergroup 'Guest'(id:8)
2019-04-04 18:16:02.143177|INFO    |VirtualServer |1  |permission 'b_channel_create_with_topic'(id:87) was deleted by 'J. Downs'(id:2) from servergroup 'Guest'(id:8)
2019-04-04 18:16:02.143510|INFO    |VirtualServer |1  |permission 'b_channel_create_with_maxclients'(id:98) was deleted by 'J. Downs'(id:2) from servergroup 'Guest'(id:8)
2019-04-04 18:16:02.143843|INFO    |VirtualServer |1  |permission 'i_channel_max_depth'(id:78) was deleted by 'J. Downs'(id:2) from servergroup 'Guest'(id:8)
2019-04-04 18:16:02.144180|INFO    |VirtualServer |1  |permission 'i_channel_create_modify_with_codec_maxquality'(id:96) was deleted by 'J. Downs'(id:2) from servergroup 'Guest'(id:8)
2019-04-04 18:16:02.144508|INFO    |VirtualServer |1  |permission 'i_channel_create_modify_with_codec_latency_factor_min'(id:97) was deleted by 'J. Downs'(id:2) from servergroup 'Guest'(id:8)
2019-04-04 18:16:02.144860|INFO    |VirtualServer |1  |permission 'b_channel_create_with_needed_talk_power'(id:102) was deleted by 'J. Downs'(id:2) from servergroup 'Guest'(id:8)
2019-04-04 18:16:07.290562|INFO    |VirtualServer |1  |permission 'i_client_private_textmessage_power'(id:214) with values (value:25, negated:0, skipchannel:0) was added by 'J. Downs'(id:2) to servergroup 'Guest'(id:8)
2019-04-04 18:16:07.290723|INFO    |VirtualServer |1  |permission 'b_client_server_textmessage_send'(id:216) with values (value:1, negated:0, skipchannel:0) was added by 'J. Downs'(id:2) to servergroup 'Guest'(id:8)
2019-04-04 18:16:07.290857|INFO    |VirtualServer |1  |permission 'b_client_offline_textmessage_send'(id:218) with values (value:1, negated:0, skipchannel:0) was added by 'J. Downs'(id:2) to servergroup 'Guest'(id:8)
2019-04-04 18:16:11.710402|INFO    |VirtualServer |1  |permission 'b_client_server_textmessage_send'(id:216) was deleted by 'J. Downs'(id:2) from servergroup 'Guest'(id:8)
2019-04-04 18:16:29.293112|INFO    |VirtualServer |1  |permission 'b_channel_create_modify_with_codec_opusvoice'(id:94) was deleted by 'J. Downs'(id:2) from servergroup 'Guest'(id:8)
2019-04-04 18:16:29.293451|INFO    |VirtualServer |1  |permission 'b_channel_info_view'(id:82) was deleted by 'J. Downs'(id:2) from servergroup 'Guest'(id:8)
2019-04-04 18:16:29.293770|INFO    |VirtualServer |1  |permission 'b_client_request_talker'(id:185) was deleted by 'J. Downs'(id:2) from servergroup 'Guest'(id:8)
2019-04-04 18:16:29.294108|INFO    |VirtualServer |1  |permission 'b_client_info_view'(id:189) was deleted by 'J. Downs'(id:2) from servergroup 'Guest'(id:8)
2019-04-04 18:16:29.700389|INFO    |VirtualServer |1  |permission 'i_ft_file_upload_power'(id:233) with values (value:25, negated:0, skipchannel:0) was added by 'J. Downs'(id:2) to servergroup 'Guest'(id:8)
2019-04-04 18:16:32.319729|INFO    |VirtualServer |1  |permission 'i_ft_quota_mb_upload_per_client'(id:246) was deleted by 'J. Downs'(id:2) from servergroup 'Guest'(id:8)
2019-04-04 18:16:32.320225|INFO    |VirtualServer |1  |permission 'i_ft_file_upload_power'(id:233) was deleted by 'J. Downs'(id:2) from servergroup 'Guest'(id:8)
2019-04-04 18:16:49.319107|INFO    |VirtualServer |1  |permission 'b_channel_create_with_maxclients'(id:98) was deleted by 'J. Downs'(id:2) from servergroup 'Registered'(id:7)
2019-04-04 18:16:49.319497|INFO    |VirtualServer |1  |permission 'b_channel_create_with_maxfamilyclients'(id:99) was deleted by 'J. Downs'(id:2) from servergroup 'Registered'(id:7)
2019-04-04 18:16:49.319862|INFO    |VirtualServer |1  |permission 'i_channel_create_modify_with_codec_maxquality'(id:96) was deleted by 'J. Downs'(id:2) from servergroup 'Registered'(id:7)
2019-04-04 18:16:49.320214|INFO    |VirtualServer |1  |permission 'i_channel_create_modify_with_codec_latency_factor_min'(id:97) was deleted by 'J. Downs'(id:2) from servergroup 'Registered'(id:7)
2019-04-04 18:16:49.320569|INFO    |VirtualServer |1  |permission 'b_channel_create_with_needed_talk_power'(id:102) was deleted by 'J. Downs'(id:2) from servergroup 'Registered'(id:7)
2019-04-04 18:16:49.320927|INFO    |VirtualServer |1  |permission 'b_channel_create_modify_with_codec_speex8'(id:90) was deleted by 'J. Downs'(id:2) from servergroup 'Registered'(id:7)
2019-04-04 18:16:49.321281|INFO    |VirtualServer |1  |permission 'b_channel_create_modify_with_codec_speex16'(id:91) was deleted by 'J. Downs'(id:2) from servergroup 'Registered'(id:7)
2019-04-04 18:16:49.321620|INFO    |VirtualServer |1  |permission 'b_channel_create_with_description'(id:88) was deleted by 'J. Downs'(id:2) from servergroup 'Registered'(id:7)
2019-04-04 18:16:49.321954|INFO    |VirtualServer |1  |permission 'b_channel_create_with_password'(id:89) was deleted by 'J. Downs'(id:2) from servergroup 'Registered'(id:7)
2019-04-04 18:16:49.322279|INFO    |VirtualServer |1  |permission 'b_channel_create_modify_with_codec_speex32'(id:92) was deleted by 'J. Downs'(id:2) from servergroup 'Registered'(id:7)
2019-04-04 18:16:49.322602|INFO    |VirtualServer |1  |permission 'b_channel_create_child'(id:83) was deleted by 'J. Downs'(id:2) from servergroup 'Registered'(id:7)
2019-04-04 18:16:49.322920|INFO    |VirtualServer |1  |permission 'b_channel_create_temporary'(id:86) was deleted by 'J. Downs'(id:2) from servergroup 'Registered'(id:7)
2019-04-04 18:16:49.323244|INFO    |VirtualServer |1  |permission 'b_channel_create_with_topic'(id:87) was deleted by 'J. Downs'(id:2) from servergroup 'Registered'(id:7)
2019-04-04 18:16:49.323601|INFO    |VirtualServer |1  |permission 'b_channel_create_semi_permanent'(id:85) was deleted by 'J. Downs'(id:2) from servergroup 'Registered'(id:7)
2019-04-04 18:16:49.323926|INFO    |VirtualServer |1  |permission 'i_channel_max_depth'(id:78) was deleted by 'J. Downs'(id:2) from servergroup 'Registered'(id:7)
2019-04-04 18:16:50.227596|INFO    |VirtualServer |1  |permission 'i_channel_delete_power'(id:129) with values (value:60, negated:0, skipchannel:0) was added by 'J. Downs'(id:2) to servergroup 'Registered'(id:7)
2019-04-04 18:17:29.251398|INFO    |VirtualServerBase|1  |channel 'placeholder public'(id:2) created by 'J. Downs'(id:2)
2019-04-04 18:17:41.263105|INFO    |VirtualServerBase|1  |channel 'placeholder server channels'(id:3) created by 'J. Downs'(id:2)
2019-04-04 18:17:46.318647|INFO    |VirtualServerBase|1  |channel 'placeholder server channels'(id:3) edited by 'J. Downs'(id:2)
2019-04-04 18:18:06.445958|INFO    |VirtualServerBase|1  |channel 'placeholder barracks'(id:4) created by 'J. Downs'(id:2)
2019-04-04 18:18:17.029415|INFO    |VirtualServerBase|1  |channel 'Task Force Command'(id:5) created as sub channel of 'placeholder barracks'(id:4) by 'J. Downs'(id:2)
2019-04-04 18:18:46.410542|INFO    |VirtualServerBase|1  |channel 'Task Force Commander - [Cpt] J. Downs'(id:6) created as sub channel of 'Task Force Command'(id:5) by 'J. Downs'(id:2)
2019-04-04 18:18:59.292544|INFO    |VirtualServerBase|1  |client disconnected 'A. Black'(id:4) reason 'reasonmsg=So long, and thanks for all the fish!'
2019-04-04 18:19:14.434557|INFO    |VirtualServerBase|1  |channel 'Waiting Room - Task Force Commander'(id:7) created as sub channel of 'Task Force Commander - [Cpt] J. Downs'(id:6) by 'J. Downs'(id:2)
2019-04-04 18:20:07.238140|INFO    |VirtualServerBase|1  |channel 'Executive Officer - [2ndLt] A. Attwell'(id:8) created by 'J. Downs'(id:2)
2019-04-04 18:20:15.715564|INFO    |VirtualServerBase|1  |channel 'Executive Officer - [2ndLt] A. Attwell'(id:8) edited by 'J. Downs'(id:2)
2019-04-04 18:20:54.637435|INFO    |VirtualServerBase|1  |channel 'Waiting Room - Executive Officer'(id:9) created as sub channel of 'Executive Officer - [2ndLt] A. Attwell'(id:8) by 'J. Downs'(id:2)
2019-04-04 18:21:04.850212|INFO    |VirtualServerBase|1  |channel 'Task Force Command'(id:5) edited by 'J. Downs'(id:2)
2019-04-04 18:21:15.628448|INFO    |VirtualServerBase|1  |channel 'Task Force Command'(id:5) edited by 'J. Downs'(id:2)
