17:52:06 Game Port: 2302, Steam Query Port: 2303
17:52:06 Host identity created.
17:52:09 [Cpt] J. Downs uses modified data file
17:52:09 Player [Cpt] J. Downs connecting.
17:52:11 Player [Cpt] J. Downs connected (id=76561198044500463).
17:52:29 [2ndLt] I. M. Frestad uses modified data file
17:52:29 Player [2ndLt] I. M. Frestad connecting.
17:52:31 Player [2ndLt] I. M. Frestad connected (id=76561198029975111).
17:53:34 Roles assigned.
17:53:34 Reading mission ...
17:53:37 Mission read.
17:53:47 Game started.
17:54:55 A. Black uses modified data file
17:54:55 Player A. Black connecting.
17:54:58 Player A. Black connected (id=76561198116188982).
17:55:03 Player A. Black disconnected.
17:58:50 A. Black uses modified data file
17:58:50 Player A. Black connecting.
17:58:53 Player A. Black connected (id=76561198116188982).
18:01:18 Wrong admin password entered by player: [Cpt] J. Downs, playerUID: 76561198044500463, IP: 192.168.10.160:2304.
18:01:34 Admin logged in, player: [Cpt] J. Downs, playerUID: 76561198044500463, IP: 192.168.10.160:2304.
18:01:44 Game restarted
class Session
{
	mission="Zeus 16+2 Master Stratis (NATO)";
	island="Stratis";
	gameType="Zeus";
	duration=477.28903;
	class Player1
	{
		name="[2ndLt] I. M. Frestad";
		killsInfantry=0;
		killsSoft=0;
		killsArmor=0;
		killsAir=0;
		killsPlayers=0;
		customScore=0;
		killsTotal=0;
		killed=0;
	};
	class Player2
	{
		name="[Cpt] J. Downs";
		killsInfantry=0;
		killsSoft=0;
		killsArmor=0;
		killsAir=0;
		killsPlayers=0;
		customScore=0;
		killsTotal=0;
		killed=0;
	};
	class Player3
	{
		name="A. Black";
		killsInfantry=0;
		killsSoft=0;
		killsArmor=0;
		killsAir=0;
		killsPlayers=0;
		customScore=0;
		killsTotal=0;
		killed=0;
	};
	class Player4
	{
		name="A. Black";
		killsInfantry=0;
		killsSoft=0;
		killsArmor=0;
		killsAir=0;
		killsPlayers=0;
		customScore=0;
		killsTotal=0;
		killed=0;
	};
};
